Command: vcs -sverilog -timescale=1ns/1ns +acc +vpi -debug_all -fsdb -CFLAGS -DVCS \
+plusarg_save +ntb_random_seed_automatic -ntb_opts uvm-1.1 -full64 +lint=TFIPC-L \
-vera -kdb +notimingcheck +nospecify +define+functional -P /nas/usr/novas/Novas/share/PLI/vcs72/LINUX64/debussy.tab \
/nas/usr/novas/Novas/share/PLI/vcs72/LINUX64/pli.a +incdir+. +incdir+../env +incdir+../test \
-f ./filelist/tb.list +define+SIM_SPEEDUP -l ./vcs_compile.log +incdir+../sv/
                         Chronologic VCS (TM)
       Version O-2018.09-SP2_Full64 -- Tue Sep  5 10:34:54 2023
               Copyright (c) 1991-2018 by Synopsys Inc.
                         ALL RIGHTS RESERVED

This program is proprietary and confidential information of Synopsys Inc.
and may be used and disclosed only as authorized in a license agreement
controlling such use and disclosure.


Warning-[DEPRECATED_OPTION] Deprecated option used
  The specified option '+acc' is deprecated.
  Please use '-debug_access+r+w+nomemcbk -debug_region+cell' instead.


Warning-[UFTMD] User function/task multiply defined
/nas/usr/novas/Novas/share/PLI/vcs72/LINUX64/debussy.tab, 2
  The function/task '$fsdbSubstituteHier' has mismatching multiple definitions
  in PLI table(s):
  call=plitaskSubstituteHier vs call=novas_call_fsdbSubstituteHier
  check=plicompileSubstituteHier vs check=(null)
  This definition is ignored.
  The previous definition is in:
  /nas/usr/synopsys/verdi/Verdi_O-2018.09-SP2/share/PLI/VCS/LINUX64/verdi.tab,
  69


Warning-[UFTMD] User function/task multiply defined
/nas/usr/novas/Novas/share/PLI/vcs72/LINUX64/debussy.tab, 3
  The function/task '$fsdbDumpfile' has mismatching multiple definitions in 
  PLI table(s):
  call=plitaskDumpfile vs call=novas_call_fsdbDumpfile
  check=plicompileDumpfile vs check=(null)
  This definition is ignored.
  The previous definition is in:
  /nas/usr/synopsys/verdi/Verdi_O-2018.09-SP2/share/PLI/VCS/LINUX64/verdi.tab,
  10


Warning-[UFTMD] User function/task multiply defined
/nas/usr/novas/Novas/share/PLI/vcs72/LINUX64/debussy.tab, 4
  The function/task '$fsdbDumpvars' has mismatching multiple definitions in 
  PLI table(s):
  call=plitaskDumpvars vs call=novas_call_fsdbDumpvars
  check=plicompileDumpvars vs check=(null)
  misc=plimiscFSDB vs misc=novas_misc
  This definition is ignored.
  The previous definition is in:
  /nas/usr/synopsys/verdi/Verdi_O-2018.09-SP2/share/PLI/VCS/LINUX64/verdi.tab,
  1


Warning-[UFTMD] User function/task multiply defined
/nas/usr/novas/Novas/share/PLI/vcs72/LINUX64/debussy.tab, 5
  The function/task '$fsdbDumpSC' has mismatching multiple definitions in PLI 
  table(s):
  call=plitaskDumpSC vs call=novas_call_fsdbDumpSC
  check=plicompileDumpSC vs check=(null)
  misc=plimiscFSDB vs misc=novas_misc
  This definition is ignored.
  The previous definition is in:
  /nas/usr/synopsys/verdi/Verdi_O-2018.09-SP2/share/PLI/VCS/LINUX64/verdi.tab,
  16


Warning-[UFTMD] User function/task multiply defined
/nas/usr/novas/Novas/share/PLI/vcs72/LINUX64/debussy.tab, 6
  The function/task '$fsdbDumpPattern' has mismatching multiple definitions in
  PLI table(s):
  call=plitaskDumpPattern vs call=novas_call_fsdbDumpPattern
  check=plicompileDumpPattern vs check=(null)
  misc=plimiscFSDB vs misc=(null)
  This definition is ignored.
  The previous definition is in:
  /nas/usr/synopsys/verdi/Verdi_O-2018.09-SP2/share/PLI/VCS/LINUX64/verdi.tab,
  68


Warning-[UFTMD] User function/task multiply defined
/nas/usr/novas/Novas/share/PLI/vcs72/LINUX64/debussy.tab, 8
  The function/task '$fsdbDumpvarsToFile' has mismatching multiple definitions
  in PLI table(s):
  call=plitaskDumpvarsToFile vs call=novas_call_fsdbDumpvarsToFile
  check=plicompileDumpvarsToFile vs check=(null)
  misc=plimiscFSDB vs misc=novas_misc
  This definition is ignored.
  The previous definition is in:
  /nas/usr/synopsys/verdi/Verdi_O-2018.09-SP2/share/PLI/VCS/LINUX64/verdi.tab,
  17


Warning-[UFTMD] User function/task multiply defined
/nas/usr/novas/Novas/share/PLI/vcs72/LINUX64/debussy.tab, 9
  The function/task '$fsdbSwitchDumpfile' has mismatching multiple definitions
  in PLI table(s):
  call=plitaskSwitchFile vs call=novas_call_fsdbSwitchDumpfile
  check=plicompileSwitchFile vs check=(null)
  This definition is ignored.
  The previous definition is in:
  /nas/usr/synopsys/verdi/Verdi_O-2018.09-SP2/share/PLI/VCS/LINUX64/verdi.tab,
  9


Warning-[UFTMD] User function/task multiply defined
/nas/usr/novas/Novas/share/PLI/vcs72/LINUX64/debussy.tab, 10
  The function/task '$fsdbAutoSwitchDumpfile' has mismatching multiple 
  definitions in PLI table(s):
  call=plitaskAutoSwitchFile vs call=novas_call_fsdbAutoSwitchDumpfile
  check=plicompileAutoSwitchFile vs check=(null)
  This definition is ignored.
  The previous definition is in:
  /nas/usr/synopsys/verdi/Verdi_O-2018.09-SP2/share/PLI/VCS/LINUX64/verdi.tab,
  11


Warning-[UFTMD] User function/task multiply defined
/nas/usr/novas/Novas/share/PLI/vcs72/LINUX64/debussy.tab, 11
  The function/task '$fsdbDumpon' has mismatching multiple definitions in PLI 
  table(s):
  call=plitaskDumpon vs call=novas_call_fsdbDumpon
  check=plicompileNoArgs vs check=(null)
  misc=plimiscDumpon vs misc=(null)
  This definition is ignored.
  The previous definition is in:
  /nas/usr/synopsys/verdi/Verdi_O-2018.09-SP2/share/PLI/VCS/LINUX64/verdi.tab,
  7


Warning-[UFTMD] User function/task multiply defined
/nas/usr/novas/Novas/share/PLI/vcs72/LINUX64/debussy.tab, 12
  The function/task '$fsdbDumpoff' has mismatching multiple definitions in PLI
  table(s):
  call=plitaskDumpoff vs call=novas_call_fsdbDumpoff
  check=plicompileNoArgs vs check=(null)
  This definition is ignored.
  The previous definition is in:
  /nas/usr/synopsys/verdi/Verdi_O-2018.09-SP2/share/PLI/VCS/LINUX64/verdi.tab,
  8


Warning-[UFTMD] User function/task multiply defined
/nas/usr/novas/Novas/share/PLI/vcs72/LINUX64/debussy.tab, 13
  The function/task '$fsdbDumpflush' has mismatching multiple definitions in 
  PLI table(s):
  call=plitaskDumpflush vs call=novas_call_fsdbDumpflush
  check=plicompileNoArgs vs check=(null)
  This definition is ignored.
  The previous definition is in:
  /nas/usr/synopsys/verdi/Verdi_O-2018.09-SP2/share/PLI/VCS/LINUX64/verdi.tab,
  13


Warning-[UFTMD] User function/task multiply defined
/nas/usr/novas/Novas/share/PLI/vcs72/LINUX64/debussy.tab, 14
  The function/task '$fsdbDumplimit' has mismatching multiple definitions in 
  PLI table(s):
  call=plitaskDumplimit vs call=novas_call_fsdbDumplimit
  check=plicompileDumplimit vs check=(null)
  This definition is ignored.
  The previous definition is in:
  /nas/usr/synopsys/verdi/Verdi_O-2018.09-SP2/share/PLI/VCS/LINUX64/verdi.tab,
  53


Warning-[UFTMD] User function/task multiply defined
/nas/usr/novas/Novas/share/PLI/vcs72/LINUX64/debussy.tab, 15
  The function/task '$fsdbDumpStrength' has mismatching multiple definitions 
  in PLI table(s):
  call=plitaskDumpStrength vs call=novas_call_fsdbDumpStrength
  check=plicompileDumpStrength vs check=(null)
  This definition is ignored.
  The previous definition is in:
  /nas/usr/synopsys/verdi/Verdi_O-2018.09-SP2/share/PLI/VCS/LINUX64/verdi.tab,
  65


Warning-[UFTMD] User function/task multiply defined
/nas/usr/novas/Novas/share/PLI/vcs72/LINUX64/debussy.tab, 16
  The function/task '$fsdbDumpMem' has mismatching multiple definitions in PLI
  table(s):
  call=plitaskDumpMem vs call=novas_call_fsdbDumpMem
  check=plicompileDumpMem vs check=(null)
  misc=plimiscDumpMem vs misc=(null)
  This definition is ignored.
  The previous definition is in:
  /nas/usr/synopsys/verdi/Verdi_O-2018.09-SP2/share/PLI/VCS/LINUX64/verdi.tab,
  54


Warning-[UFTMD] User function/task multiply defined
/nas/usr/novas/Novas/share/PLI/vcs72/LINUX64/debussy.tab, 17
  The function/task '$fsdbDumpMemNow' has mismatching multiple definitions in 
  PLI table(s):
  call=plitaskDumpMemNow vs call=novas_call_fsdbDumpMemNow
  check=plicompileDumpMem vs check=(null)
  misc=plimiscDumpMem vs misc=(null)
  This definition is ignored.
  The previous definition is in:
  /nas/usr/synopsys/verdi/Verdi_O-2018.09-SP2/share/PLI/VCS/LINUX64/verdi.tab,
  55


Warning-[UFTMD] User function/task multiply defined
/nas/usr/novas/Novas/share/PLI/vcs72/LINUX64/debussy.tab, 18
  The function/task '$fsdbDumpMemInFile' has mismatching multiple definitions 
  in PLI table(s):
  call=plitaskDumpMemInFile vs call=novas_call_fsdbDumpMemInFile
  check=plicompileDumpMemInFile vs check=(null)
  misc=plimiscDumpMem vs misc=(null)
  This definition is ignored.
  The previous definition is in:
  /nas/usr/synopsys/verdi/Verdi_O-2018.09-SP2/share/PLI/VCS/LINUX64/verdi.tab,
  60


Warning-[UFTMD] User function/task multiply defined
/nas/usr/novas/Novas/share/PLI/vcs72/LINUX64/debussy.tab, 19
  The function/task '$fsdbDumpMemInScope' has mismatching multiple definitions
  in PLI table(s):
  call=plitaskDumpMemInScope vs call=novas_call_fsdbDumpMemInScope
  check=plicompileDumpMemInScope vs check=(null)
  misc=plimiscDumpMem vs misc=(null)
  This definition is ignored.
  The previous definition is in:
  /nas/usr/synopsys/verdi/Verdi_O-2018.09-SP2/share/PLI/VCS/LINUX64/verdi.tab,
  56


Warning-[UFTMD] User function/task multiply defined
/nas/usr/novas/Novas/share/PLI/vcs72/LINUX64/debussy.tab, 20
  The function/task '$fsdbDumpMDA' has mismatching multiple definitions in PLI
  table(s):
  call=plitaskDumpMDA vs call=novas_call_fsdbDumpMDA
  check=plicompileDumpMDA vs check=(null)
  misc=plimiscDumpMem vs misc=novas_misc
  This definition is ignored.
  The previous definition is in:
  /nas/usr/synopsys/verdi/Verdi_O-2018.09-SP2/share/PLI/VCS/LINUX64/verdi.tab,
  3


Warning-[UFTMD] User function/task multiply defined
/nas/usr/novas/Novas/share/PLI/vcs72/LINUX64/debussy.tab, 21
  The function/task '$fsdbDumpMDANow' has mismatching multiple definitions in 
  PLI table(s):
  call=plitaskDumpMDANow vs call=novas_call_fsdbDumpMDANow
  check=plicompileDumpMDA vs check=(null)
  misc=plimiscDumpMem vs misc=(null)
  This definition is ignored.
  The previous definition is in:
  /nas/usr/synopsys/verdi/Verdi_O-2018.09-SP2/share/PLI/VCS/LINUX64/verdi.tab,
  57


Warning-[UFTMD] User function/task multiply defined
/nas/usr/novas/Novas/share/PLI/vcs72/LINUX64/debussy.tab, 22
  The function/task '$fsdbDumpMDAInScope' has mismatching multiple definitions
  in PLI table(s):
  call=plitaskDumpMDAInScope vs call=novas_call_fsdbDumpMDAInScope
  check=plicompileDumpMDAInScope vs check=(null)
  misc=plimiscDumpMem vs misc=(null)
  This definition is ignored.
  The previous definition is in:
  /nas/usr/synopsys/verdi/Verdi_O-2018.09-SP2/share/PLI/VCS/LINUX64/verdi.tab,
  59


Warning-[UFTMD] User function/task multiply defined
/nas/usr/novas/Novas/share/PLI/vcs72/LINUX64/debussy.tab, 23
  The function/task '$fsdbDumpFinish' has mismatching multiple definitions in 
  PLI table(s):
  call=plitaskDumpFinish vs call=novas_call_fsdbDumpFinish
  check=plicompileNoArgs vs check=(null)
  This definition is ignored.
  The previous definition is in:
  /nas/usr/synopsys/verdi/Verdi_O-2018.09-SP2/share/PLI/VCS/LINUX64/verdi.tab,
  12


Warning-[UFTMD] User function/task multiply defined
/nas/usr/novas/Novas/share/PLI/vcs72/LINUX64/debussy.tab, 25
  The function/task '$fsdbDisplay' has mismatching multiple definitions in PLI
  table(s):
  call=plitaskDisplay vs call=novas_call_fsdbDisplay
  check=plicompileDisplay vs check=(null)
  misc=plimiscFSDB vs misc=(null)
  This definition is ignored.
  The previous definition is in:
  /nas/usr/synopsys/verdi/Verdi_O-2018.09-SP2/share/PLI/VCS/LINUX64/verdi.tab,
  52


Warning-[UFTMD] User function/task multiply defined
/nas/usr/novas/Novas/share/PLI/vcs72/LINUX64/debussy.tab, 26
  The function/task '$fsdbSuppress' has mismatching multiple definitions in 
  PLI table(s):
  call=plitaskSuppress vs call=novas_call_fsdbSuppress
  check=plicompileSuppress vs check=(null)
  This definition is ignored.
  The previous definition is in:
  /nas/usr/synopsys/verdi/Verdi_O-2018.09-SP2/share/PLI/VCS/LINUX64/verdi.tab,
  6


Warning-[UFTMD] User function/task multiply defined
/nas/usr/novas/Novas/share/PLI/vcs72/LINUX64/debussy.tab, 43
  The function/task '$fsdbDumpSVA' has mismatching multiple definitions in PLI
  table(s):
  call=plitaskDumpSVA vs call=novas_call_fsdbDumpSVA
  check=plicompileDumpSVA vs check=(null)
  misc=plimiscFSDB vs misc=novas_misc
  This definition is ignored.
  The previous definition is in:
  /nas/usr/synopsys/verdi/Verdi_O-2018.09-SP2/share/PLI/VCS/LINUX64/verdi.tab,
  4


Warning-[UFTMD] User function/task multiply defined
/nas/usr/novas/Novas/share/PLI/vcs72/LINUX64/debussy.tab, 44
  The function/task '$fsdbDumpSVAon' has mismatching multiple definitions in 
  PLI table(s):
  call=plitaskDumpSVAon vs call=novas_call_fsdbDumpSVAon
  This definition is ignored.
  The previous definition is in:
  /nas/usr/synopsys/verdi/Verdi_O-2018.09-SP2/share/PLI/VCS/LINUX64/verdi.tab,
  63


Warning-[UFTMD] User function/task multiply defined
/nas/usr/novas/Novas/share/PLI/vcs72/LINUX64/debussy.tab, 45
  The function/task '$fsdbDumpSVAoff' has mismatching multiple definitions in 
  PLI table(s):
  call=plitaskDumpSVAoff vs call=novas_call_fsdbDumpSVAoff
  This definition is ignored.
  The previous definition is in:
  /nas/usr/synopsys/verdi/Verdi_O-2018.09-SP2/share/PLI/VCS/LINUX64/verdi.tab,
  64


Warning-[DEBUG_DEP] Option will be deprecated
  The option '-debug_all' will be deprecated in a future release.  Please use 
  '-debug_acc+all -debug_region+cell+encrypt' instead.

Parsing design file '/nas/usr/synopsys/vcs-mx/O-2018.09-SP2/etc/uvm-1.1/uvm_pkg.sv'
Parsing included file '/nas/usr/synopsys/vcs-mx/O-2018.09-SP2/etc/uvm-1.1/uvm_macros.svh'.
Parsing included file '/nas/usr/synopsys/vcs-mx/O-2018.09-SP2/etc/uvm-1.1/macros/uvm_version_defines.svh'.
Back to file '/nas/usr/synopsys/vcs-mx/O-2018.09-SP2/etc/uvm-1.1/uvm_macros.svh'.
Parsing included file '/nas/usr/synopsys/vcs-mx/O-2018.09-SP2/etc/uvm-1.1/macros/uvm_message_defines.svh'.
Back to file '/nas/usr/synopsys/vcs-mx/O-2018.09-SP2/etc/uvm-1.1/uvm_macros.svh'.
Parsing included file '/nas/usr/synopsys/vcs-mx/O-2018.09-SP2/etc/uvm-1.1/macros/uvm_phase_defines.svh'.
Back to file '/nas/usr/synopsys/vcs-mx/O-2018.09-SP2/etc/uvm-1.1/uvm_macros.svh'.
Parsing included file '/nas/usr/synopsys/vcs-mx/O-2018.09-SP2/etc/uvm-1.1/macros/uvm_object_defines.svh'.
Back to file '/nas/usr/synopsys/vcs-mx/O-2018.09-SP2/etc/uvm-1.1/uvm_macros.svh'.
Parsing included file '/nas/usr/synopsys/vcs-mx/O-2018.09-SP2/etc/uvm-1.1/macros/uvm_printer_defines.svh'.
Back to file '/nas/usr/synopsys/vcs-mx/O-2018.09-SP2/etc/uvm-1.1/uvm_macros.svh'.
Parsing included file '/nas/usr/synopsys/vcs-mx/O-2018.09-SP2/etc/uvm-1.1/macros/uvm_tlm_defines.svh'.
Parsing included file '/nas/usr/synopsys/vcs-mx/O-2018.09-SP2/etc/uvm-1.1/tlm1/uvm_tlm_imps.svh'.
Back to file '/nas/usr/synopsys/vcs-mx/O-2018.09-SP2/etc/uvm-1.1/macros/uvm_tlm_defines.svh'.
Back to file '/nas/usr/synopsys/vcs-mx/O-2018.09-SP2/etc/uvm-1.1/uvm_macros.svh'.
Parsing included file '/nas/usr/synopsys/vcs-mx/O-2018.09-SP2/etc/uvm-1.1/macros/uvm_sequence_defines.svh'.
Back to file '/nas/usr/synopsys/vcs-mx/O-2018.09-SP2/etc/uvm-1.1/uvm_macros.svh'.
Parsing included file '/nas/usr/synopsys/vcs-mx/O-2018.09-SP2/etc/uvm-1.1/macros/uvm_callback_defines.svh'.
Back to file '/nas/usr/synopsys/vcs-mx/O-2018.09-SP2/etc/uvm-1.1/uvm_macros.svh'.
Parsing included file '/nas/usr/synopsys/vcs-mx/O-2018.09-SP2/etc/uvm-1.1/macros/uvm_reg_defines.svh'.
Back to file '/nas/usr/synopsys/vcs-mx/O-2018.09-SP2/etc/uvm-1.1/uvm_macros.svh'.
Parsing included file '/nas/usr/synopsys/vcs-mx/O-2018.09-SP2/etc/uvm-1.1/macros/uvm_deprecated_defines.svh'.
Back to file '/nas/usr/synopsys/vcs-mx/O-2018.09-SP2/etc/uvm-1.1/uvm_macros.svh'.
Back to file '/nas/usr/synopsys/vcs-mx/O-2018.09-SP2/etc/uvm-1.1/uvm_pkg.sv'.
Parsing included file '/nas/usr/synopsys/vcs-mx/O-2018.09-SP2/etc/uvm-1.1/directc/uvm_directc.svh'.
Parsing included file '/nas/usr/synopsys/vcs-mx/O-2018.09-SP2/etc/uvm-1.1/directc/uvm_seed.vh'.
Back to file '/nas/usr/synopsys/vcs-mx/O-2018.09-SP2/etc/uvm-1.1/directc/uvm_directc.svh'.
Back to file '/nas/usr/synopsys/vcs-mx/O-2018.09-SP2/etc/uvm-1.1/uvm_pkg.sv'.
Parsing included file '/nas/usr/synopsys/vcs-mx/O-2018.09-SP2/etc/uvm-1.1/dpi/uvm_dpi.svh'.
Parsing included file '/nas/usr/synopsys/vcs-mx/O-2018.09-SP2/etc/uvm-1.1/dpi/uvm_hdl.svh'.
Back to file '/nas/usr/synopsys/vcs-mx/O-2018.09-SP2/etc/uvm-1.1/dpi/uvm_dpi.svh'.
Parsing included file '/nas/usr/synopsys/vcs-mx/O-2018.09-SP2/etc/uvm-1.1/dpi/uvm_svcmd_dpi.svh'.
Back to file '/nas/usr/synopsys/vcs-mx/O-2018.09-SP2/etc/uvm-1.1/dpi/uvm_dpi.svh'.
Parsing included file '/nas/usr/synopsys/vcs-mx/O-2018.09-SP2/etc/uvm-1.1/dpi/uvm_regex.svh'.
Back to file '/nas/usr/synopsys/vcs-mx/O-2018.09-SP2/etc/uvm-1.1/dpi/uvm_dpi.svh'.
Back to file '/nas/usr/synopsys/vcs-mx/O-2018.09-SP2/etc/uvm-1.1/uvm_pkg.sv'.
Parsing included file '/nas/usr/synopsys/vcs-mx/O-2018.09-SP2/etc/uvm-1.1/base/uvm_base.svh'.
Parsing included file '/nas/usr/synopsys/vcs-mx/O-2018.09-SP2/etc/uvm-1.1/base/uvm_version.svh'.
Back to file '/nas/usr/synopsys/vcs-mx/O-2018.09-SP2/etc/uvm-1.1/base/uvm_base.svh'.
Parsing included file '/nas/usr/synopsys/vcs-mx/O-2018.09-SP2/etc/uvm-1.1/base/uvm_object_globals.svh'.
Back to file '/nas/usr/synopsys/vcs-mx/O-2018.09-SP2/etc/uvm-1.1/base/uvm_base.svh'.
Parsing included file '/nas/usr/synopsys/vcs-mx/O-2018.09-SP2/etc/uvm-1.1/base/uvm_misc.svh'.
Back to file '/nas/usr/synopsys/vcs-mx/O-2018.09-SP2/etc/uvm-1.1/base/uvm_base.svh'.
Parsing included file '/nas/usr/synopsys/vcs-mx/O-2018.09-SP2/etc/uvm-1.1/base/uvm_object.svh'.
Back to file '/nas/usr/synopsys/vcs-mx/O-2018.09-SP2/etc/uvm-1.1/base/uvm_base.svh'.
Parsing included file '/nas/usr/synopsys/vcs-mx/O-2018.09-SP2/etc/uvm-1.1/base/uvm_pool.svh'.
Back to file '/nas/usr/synopsys/vcs-mx/O-2018.09-SP2/etc/uvm-1.1/base/uvm_base.svh'.
Parsing included file '/nas/usr/synopsys/vcs-mx/O-2018.09-SP2/etc/uvm-1.1/base/uvm_queue.svh'.
Back to file '/nas/usr/synopsys/vcs-mx/O-2018.09-SP2/etc/uvm-1.1/base/uvm_base.svh'.
Parsing included file '/nas/usr/synopsys/vcs-mx/O-2018.09-SP2/etc/uvm-1.1/base/uvm_factory.svh'.
Back to file '/nas/usr/synopsys/vcs-mx/O-2018.09-SP2/etc/uvm-1.1/base/uvm_base.svh'.
Parsing included file '/nas/usr/synopsys/vcs-mx/O-2018.09-SP2/etc/uvm-1.1/base/uvm_registry.svh'.
Back to file '/nas/usr/synopsys/vcs-mx/O-2018.09-SP2/etc/uvm-1.1/base/uvm_base.svh'.
Parsing included file '/nas/usr/synopsys/vcs-mx/O-2018.09-SP2/etc/uvm-1.1/base/uvm_spell_chkr.svh'.
Back to file '/nas/usr/synopsys/vcs-mx/O-2018.09-SP2/etc/uvm-1.1/base/uvm_base.svh'.
Parsing included file '/nas/usr/synopsys/vcs-mx/O-2018.09-SP2/etc/uvm-1.1/base/uvm_resource.svh'.
Back to file '/nas/usr/synopsys/vcs-mx/O-2018.09-SP2/etc/uvm-1.1/base/uvm_base.svh'.
Parsing included file '/nas/usr/synopsys/vcs-mx/O-2018.09-SP2/etc/uvm-1.1/deprecated/uvm_resource_converter.svh'.
Back to file '/nas/usr/synopsys/vcs-mx/O-2018.09-SP2/etc/uvm-1.1/base/uvm_base.svh'.
Parsing included file '/nas/usr/synopsys/vcs-mx/O-2018.09-SP2/etc/uvm-1.1/base/uvm_resource_specializations.svh'.
Back to file '/nas/usr/synopsys/vcs-mx/O-2018.09-SP2/etc/uvm-1.1/base/uvm_base.svh'.
Parsing included file '/nas/usr/synopsys/vcs-mx/O-2018.09-SP2/etc/uvm-1.1/base/uvm_resource_db.svh'.
Back to file '/nas/usr/synopsys/vcs-mx/O-2018.09-SP2/etc/uvm-1.1/base/uvm_base.svh'.
Parsing included file '/nas/usr/synopsys/vcs-mx/O-2018.09-SP2/etc/uvm-1.1/base/uvm_config_db.svh'.
Back to file '/nas/usr/synopsys/vcs-mx/O-2018.09-SP2/etc/uvm-1.1/base/uvm_base.svh'.
Parsing included file '/nas/usr/synopsys/vcs-mx/O-2018.09-SP2/etc/uvm-1.1/base/uvm_printer.svh'.
Back to file '/nas/usr/synopsys/vcs-mx/O-2018.09-SP2/etc/uvm-1.1/base/uvm_base.svh'.
Parsing included file '/nas/usr/synopsys/vcs-mx/O-2018.09-SP2/etc/uvm-1.1/base/uvm_comparer.svh'.
Back to file '/nas/usr/synopsys/vcs-mx/O-2018.09-SP2/etc/uvm-1.1/base/uvm_base.svh'.
Parsing included file '/nas/usr/synopsys/vcs-mx/O-2018.09-SP2/etc/uvm-1.1/base/uvm_packer.svh'.
Back to file '/nas/usr/synopsys/vcs-mx/O-2018.09-SP2/etc/uvm-1.1/base/uvm_base.svh'.
Parsing included file '/nas/usr/synopsys/vcs-mx/O-2018.09-SP2/etc/uvm-1.1/base/uvm_recorder.svh'.
Back to file '/nas/usr/synopsys/vcs-mx/O-2018.09-SP2/etc/uvm-1.1/base/uvm_base.svh'.
Parsing included file '/nas/usr/synopsys/vcs-mx/O-2018.09-SP2/etc/uvm-1.1/base/uvm_event_callback.svh'.
Back to file '/nas/usr/synopsys/vcs-mx/O-2018.09-SP2/etc/uvm-1.1/base/uvm_base.svh'.
Parsing included file '/nas/usr/synopsys/vcs-mx/O-2018.09-SP2/etc/uvm-1.1/base/uvm_event.svh'.
Back to file '/nas/usr/synopsys/vcs-mx/O-2018.09-SP2/etc/uvm-1.1/base/uvm_base.svh'.
Parsing included file '/nas/usr/synopsys/vcs-mx/O-2018.09-SP2/etc/uvm-1.1/base/uvm_barrier.svh'.
Back to file '/nas/usr/synopsys/vcs-mx/O-2018.09-SP2/etc/uvm-1.1/base/uvm_base.svh'.
Parsing included file '/nas/usr/synopsys/vcs-mx/O-2018.09-SP2/etc/uvm-1.1/base/uvm_callback.svh'.
Parsing included file '/nas/usr/synopsys/vcs-mx/O-2018.09-SP2/etc/uvm-1.1/uvm_macros.svh'.
Back to file '/nas/usr/synopsys/vcs-mx/O-2018.09-SP2/etc/uvm-1.1/base/uvm_callback.svh'.
Back to file '/nas/usr/synopsys/vcs-mx/O-2018.09-SP2/etc/uvm-1.1/base/uvm_base.svh'.
Parsing included file '/nas/usr/synopsys/vcs-mx/O-2018.09-SP2/etc/uvm-1.1/base/uvm_report_catcher.svh'.
Back to file '/nas/usr/synopsys/vcs-mx/O-2018.09-SP2/etc/uvm-1.1/base/uvm_base.svh'.
Parsing included file '/nas/usr/synopsys/vcs-mx/O-2018.09-SP2/etc/uvm-1.1/base/uvm_report_server.svh'.
Back to file '/nas/usr/synopsys/vcs-mx/O-2018.09-SP2/etc/uvm-1.1/base/uvm_base.svh'.
Parsing included file '/nas/usr/synopsys/vcs-mx/O-2018.09-SP2/etc/uvm-1.1/base/uvm_report_handler.svh'.
Back to file '/nas/usr/synopsys/vcs-mx/O-2018.09-SP2/etc/uvm-1.1/base/uvm_base.svh'.
Parsing included file '/nas/usr/synopsys/vcs-mx/O-2018.09-SP2/etc/uvm-1.1/base/uvm_report_object.svh'.
Back to file '/nas/usr/synopsys/vcs-mx/O-2018.09-SP2/etc/uvm-1.1/base/uvm_base.svh'.
Parsing included file '/nas/usr/synopsys/vcs-mx/O-2018.09-SP2/etc/uvm-1.1/base/uvm_transaction.svh'.
Back to file '/nas/usr/synopsys/vcs-mx/O-2018.09-SP2/etc/uvm-1.1/base/uvm_base.svh'.
Parsing included file '/nas/usr/synopsys/vcs-mx/O-2018.09-SP2/etc/uvm-1.1/base/uvm_phase.svh'.
Back to file '/nas/usr/synopsys/vcs-mx/O-2018.09-SP2/etc/uvm-1.1/base/uvm_base.svh'.
Parsing included file '/nas/usr/synopsys/vcs-mx/O-2018.09-SP2/etc/uvm-1.1/base/uvm_domain.svh'.
Back to file '/nas/usr/synopsys/vcs-mx/O-2018.09-SP2/etc/uvm-1.1/base/uvm_base.svh'.
Parsing included file '/nas/usr/synopsys/vcs-mx/O-2018.09-SP2/etc/uvm-1.1/base/uvm_bottomup_phase.svh'.
Back to file '/nas/usr/synopsys/vcs-mx/O-2018.09-SP2/etc/uvm-1.1/base/uvm_base.svh'.
Parsing included file '/nas/usr/synopsys/vcs-mx/O-2018.09-SP2/etc/uvm-1.1/base/uvm_topdown_phase.svh'.
Back to file '/nas/usr/synopsys/vcs-mx/O-2018.09-SP2/etc/uvm-1.1/base/uvm_base.svh'.
Parsing included file '/nas/usr/synopsys/vcs-mx/O-2018.09-SP2/etc/uvm-1.1/base/uvm_task_phase.svh'.
Back to file '/nas/usr/synopsys/vcs-mx/O-2018.09-SP2/etc/uvm-1.1/base/uvm_base.svh'.
Parsing included file '/nas/usr/synopsys/vcs-mx/O-2018.09-SP2/etc/uvm-1.1/base/uvm_common_phases.svh'.
Back to file '/nas/usr/synopsys/vcs-mx/O-2018.09-SP2/etc/uvm-1.1/base/uvm_base.svh'.
Parsing included file '/nas/usr/synopsys/vcs-mx/O-2018.09-SP2/etc/uvm-1.1/base/uvm_runtime_phases.svh'.
Back to file '/nas/usr/synopsys/vcs-mx/O-2018.09-SP2/etc/uvm-1.1/base/uvm_base.svh'.
Parsing included file '/nas/usr/synopsys/vcs-mx/O-2018.09-SP2/etc/uvm-1.1/base/uvm_component.svh'.
Parsing included file '/nas/usr/synopsys/vcs-mx/O-2018.09-SP2/etc/uvm-1.1/base/uvm_root.svh'.
Back to file '/nas/usr/synopsys/vcs-mx/O-2018.09-SP2/etc/uvm-1.1/base/uvm_component.svh'.
Back to file '/nas/usr/synopsys/vcs-mx/O-2018.09-SP2/etc/uvm-1.1/base/uvm_base.svh'.
Parsing included file '/nas/usr/synopsys/vcs-mx/O-2018.09-SP2/etc/uvm-1.1/base/uvm_objection.svh'.
Back to file '/nas/usr/synopsys/vcs-mx/O-2018.09-SP2/etc/uvm-1.1/base/uvm_base.svh'.
Parsing included file '/nas/usr/synopsys/vcs-mx/O-2018.09-SP2/etc/uvm-1.1/base/uvm_heartbeat.svh'.
Back to file '/nas/usr/synopsys/vcs-mx/O-2018.09-SP2/etc/uvm-1.1/base/uvm_base.svh'.
Parsing included file '/nas/usr/synopsys/vcs-mx/O-2018.09-SP2/etc/uvm-1.1/base/uvm_globals.svh'.
Back to file '/nas/usr/synopsys/vcs-mx/O-2018.09-SP2/etc/uvm-1.1/base/uvm_base.svh'.
Parsing included file '/nas/usr/synopsys/vcs-mx/O-2018.09-SP2/etc/uvm-1.1/base/uvm_cmdline_processor.svh'.
Back to file '/nas/usr/synopsys/vcs-mx/O-2018.09-SP2/etc/uvm-1.1/base/uvm_base.svh'.
Back to file '/nas/usr/synopsys/vcs-mx/O-2018.09-SP2/etc/uvm-1.1/uvm_pkg.sv'.
Parsing included file '/nas/usr/synopsys/vcs-mx/O-2018.09-SP2/etc/uvm-1.1/tlm1/uvm_tlm.svh'.
Parsing included file '/nas/usr/synopsys/vcs-mx/O-2018.09-SP2/etc/uvm-1.1/tlm1/uvm_tlm_ifs.svh'.
Back to file '/nas/usr/synopsys/vcs-mx/O-2018.09-SP2/etc/uvm-1.1/tlm1/uvm_tlm.svh'.
Parsing included file '/nas/usr/synopsys/vcs-mx/O-2018.09-SP2/etc/uvm-1.1/tlm1/uvm_sqr_ifs.svh'.
Back to file '/nas/usr/synopsys/vcs-mx/O-2018.09-SP2/etc/uvm-1.1/tlm1/uvm_tlm.svh'.
Parsing included file '/nas/usr/synopsys/vcs-mx/O-2018.09-SP2/etc/uvm-1.1/base/uvm_port_base.svh'.
Back to file '/nas/usr/synopsys/vcs-mx/O-2018.09-SP2/etc/uvm-1.1/tlm1/uvm_tlm.svh'.
Parsing included file '/nas/usr/synopsys/vcs-mx/O-2018.09-SP2/etc/uvm-1.1/tlm1/uvm_tlm_imps.svh'.
Back to file '/nas/usr/synopsys/vcs-mx/O-2018.09-SP2/etc/uvm-1.1/tlm1/uvm_tlm.svh'.
Parsing included file '/nas/usr/synopsys/vcs-mx/O-2018.09-SP2/etc/uvm-1.1/tlm1/uvm_imps.svh'.
Back to file '/nas/usr/synopsys/vcs-mx/O-2018.09-SP2/etc/uvm-1.1/tlm1/uvm_tlm.svh'.
Parsing included file '/nas/usr/synopsys/vcs-mx/O-2018.09-SP2/etc/uvm-1.1/tlm1/uvm_ports.svh'.
Back to file '/nas/usr/synopsys/vcs-mx/O-2018.09-SP2/etc/uvm-1.1/tlm1/uvm_tlm.svh'.
Parsing included file '/nas/usr/synopsys/vcs-mx/O-2018.09-SP2/etc/uvm-1.1/tlm1/uvm_exports.svh'.
Back to file '/nas/usr/synopsys/vcs-mx/O-2018.09-SP2/etc/uvm-1.1/tlm1/uvm_tlm.svh'.
Parsing included file '/nas/usr/synopsys/vcs-mx/O-2018.09-SP2/etc/uvm-1.1/tlm1/uvm_analysis_port.svh'.
Back to file '/nas/usr/synopsys/vcs-mx/O-2018.09-SP2/etc/uvm-1.1/tlm1/uvm_tlm.svh'.
Parsing included file '/nas/usr/synopsys/vcs-mx/O-2018.09-SP2/etc/uvm-1.1/tlm1/uvm_tlm_fifo_base.svh'.
Back to file '/nas/usr/synopsys/vcs-mx/O-2018.09-SP2/etc/uvm-1.1/tlm1/uvm_tlm.svh'.
Parsing included file '/nas/usr/synopsys/vcs-mx/O-2018.09-SP2/etc/uvm-1.1/tlm1/uvm_tlm_fifos.svh'.
Back to file '/nas/usr/synopsys/vcs-mx/O-2018.09-SP2/etc/uvm-1.1/tlm1/uvm_tlm.svh'.
Parsing included file '/nas/usr/synopsys/vcs-mx/O-2018.09-SP2/etc/uvm-1.1/tlm1/uvm_tlm_req_rsp.svh'.
Back to file '/nas/usr/synopsys/vcs-mx/O-2018.09-SP2/etc/uvm-1.1/tlm1/uvm_tlm.svh'.
Parsing included file '/nas/usr/synopsys/vcs-mx/O-2018.09-SP2/etc/uvm-1.1/tlm1/uvm_sqr_connections.svh'.
Back to file '/nas/usr/synopsys/vcs-mx/O-2018.09-SP2/etc/uvm-1.1/tlm1/uvm_tlm.svh'.
Back to file '/nas/usr/synopsys/vcs-mx/O-2018.09-SP2/etc/uvm-1.1/uvm_pkg.sv'.
Parsing included file '/nas/usr/synopsys/vcs-mx/O-2018.09-SP2/etc/uvm-1.1/comps/uvm_comps.svh'.
Parsing included file '/nas/usr/synopsys/vcs-mx/O-2018.09-SP2/etc/uvm-1.1/comps/uvm_pair.svh'.
Back to file '/nas/usr/synopsys/vcs-mx/O-2018.09-SP2/etc/uvm-1.1/comps/uvm_comps.svh'.
Parsing included file '/nas/usr/synopsys/vcs-mx/O-2018.09-SP2/etc/uvm-1.1/comps/uvm_policies.svh'.
Back to file '/nas/usr/synopsys/vcs-mx/O-2018.09-SP2/etc/uvm-1.1/comps/uvm_comps.svh'.
Parsing included file '/nas/usr/synopsys/vcs-mx/O-2018.09-SP2/etc/uvm-1.1/comps/uvm_in_order_comparator.svh'.
Back to file '/nas/usr/synopsys/vcs-mx/O-2018.09-SP2/etc/uvm-1.1/comps/uvm_comps.svh'.
Parsing included file '/nas/usr/synopsys/vcs-mx/O-2018.09-SP2/etc/uvm-1.1/comps/uvm_algorithmic_comparator.svh'.
Back to file '/nas/usr/synopsys/vcs-mx/O-2018.09-SP2/etc/uvm-1.1/comps/uvm_comps.svh'.
Parsing included file '/nas/usr/synopsys/vcs-mx/O-2018.09-SP2/etc/uvm-1.1/comps/uvm_random_stimulus.svh'.
Back to file '/nas/usr/synopsys/vcs-mx/O-2018.09-SP2/etc/uvm-1.1/comps/uvm_comps.svh'.
Parsing included file '/nas/usr/synopsys/vcs-mx/O-2018.09-SP2/etc/uvm-1.1/comps/uvm_subscriber.svh'.
Back to file '/nas/usr/synopsys/vcs-mx/O-2018.09-SP2/etc/uvm-1.1/comps/uvm_comps.svh'.
Parsing included file '/nas/usr/synopsys/vcs-mx/O-2018.09-SP2/etc/uvm-1.1/comps/uvm_monitor.svh'.
Back to file '/nas/usr/synopsys/vcs-mx/O-2018.09-SP2/etc/uvm-1.1/comps/uvm_comps.svh'.
Parsing included file '/nas/usr/synopsys/vcs-mx/O-2018.09-SP2/etc/uvm-1.1/comps/uvm_driver.svh'.
Back to file '/nas/usr/synopsys/vcs-mx/O-2018.09-SP2/etc/uvm-1.1/comps/uvm_comps.svh'.
Parsing included file '/nas/usr/synopsys/vcs-mx/O-2018.09-SP2/etc/uvm-1.1/comps/uvm_push_driver.svh'.
Back to file '/nas/usr/synopsys/vcs-mx/O-2018.09-SP2/etc/uvm-1.1/comps/uvm_comps.svh'.
Parsing included file '/nas/usr/synopsys/vcs-mx/O-2018.09-SP2/etc/uvm-1.1/comps/uvm_scoreboard.svh'.
Back to file '/nas/usr/synopsys/vcs-mx/O-2018.09-SP2/etc/uvm-1.1/comps/uvm_comps.svh'.
Parsing included file '/nas/usr/synopsys/vcs-mx/O-2018.09-SP2/etc/uvm-1.1/comps/uvm_agent.svh'.
Back to file '/nas/usr/synopsys/vcs-mx/O-2018.09-SP2/etc/uvm-1.1/comps/uvm_comps.svh'.
Parsing included file '/nas/usr/synopsys/vcs-mx/O-2018.09-SP2/etc/uvm-1.1/comps/uvm_env.svh'.
Back to file '/nas/usr/synopsys/vcs-mx/O-2018.09-SP2/etc/uvm-1.1/comps/uvm_comps.svh'.
Parsing included file '/nas/usr/synopsys/vcs-mx/O-2018.09-SP2/etc/uvm-1.1/comps/uvm_test.svh'.
Back to file '/nas/usr/synopsys/vcs-mx/O-2018.09-SP2/etc/uvm-1.1/comps/uvm_comps.svh'.
Back to file '/nas/usr/synopsys/vcs-mx/O-2018.09-SP2/etc/uvm-1.1/uvm_pkg.sv'.
Parsing included file '/nas/usr/synopsys/vcs-mx/O-2018.09-SP2/etc/uvm-1.1/seq/uvm_seq.svh'.
Parsing included file '/nas/usr/synopsys/vcs-mx/O-2018.09-SP2/etc/uvm-1.1/seq/uvm_sequence_item.svh'.
Back to file '/nas/usr/synopsys/vcs-mx/O-2018.09-SP2/etc/uvm-1.1/seq/uvm_seq.svh'.
Parsing included file '/nas/usr/synopsys/vcs-mx/O-2018.09-SP2/etc/uvm-1.1/seq/uvm_sequencer_base.svh'.
Back to file '/nas/usr/synopsys/vcs-mx/O-2018.09-SP2/etc/uvm-1.1/seq/uvm_seq.svh'.
Parsing included file '/nas/usr/synopsys/vcs-mx/O-2018.09-SP2/etc/uvm-1.1/seq/uvm_sequencer_analysis_fifo.svh'.
Back to file '/nas/usr/synopsys/vcs-mx/O-2018.09-SP2/etc/uvm-1.1/seq/uvm_seq.svh'.
Parsing included file '/nas/usr/synopsys/vcs-mx/O-2018.09-SP2/etc/uvm-1.1/seq/uvm_sequencer_param_base.svh'.
Back to file '/nas/usr/synopsys/vcs-mx/O-2018.09-SP2/etc/uvm-1.1/seq/uvm_seq.svh'.
Parsing included file '/nas/usr/synopsys/vcs-mx/O-2018.09-SP2/etc/uvm-1.1/seq/uvm_sequencer.svh'.
Back to file '/nas/usr/synopsys/vcs-mx/O-2018.09-SP2/etc/uvm-1.1/seq/uvm_seq.svh'.
Parsing included file '/nas/usr/synopsys/vcs-mx/O-2018.09-SP2/etc/uvm-1.1/seq/uvm_push_sequencer.svh'.
Back to file '/nas/usr/synopsys/vcs-mx/O-2018.09-SP2/etc/uvm-1.1/seq/uvm_seq.svh'.
Parsing included file '/nas/usr/synopsys/vcs-mx/O-2018.09-SP2/etc/uvm-1.1/seq/uvm_sequence_base.svh'.
Back to file '/nas/usr/synopsys/vcs-mx/O-2018.09-SP2/etc/uvm-1.1/seq/uvm_seq.svh'.
Parsing included file '/nas/usr/synopsys/vcs-mx/O-2018.09-SP2/etc/uvm-1.1/seq/uvm_sequence.svh'.
Back to file '/nas/usr/synopsys/vcs-mx/O-2018.09-SP2/etc/uvm-1.1/seq/uvm_seq.svh'.
Parsing included file '/nas/usr/synopsys/vcs-mx/O-2018.09-SP2/etc/uvm-1.1/seq/uvm_sequence_library.svh'.
Back to file '/nas/usr/synopsys/vcs-mx/O-2018.09-SP2/etc/uvm-1.1/seq/uvm_seq.svh'.
Parsing included file '/nas/usr/synopsys/vcs-mx/O-2018.09-SP2/etc/uvm-1.1/seq/uvm_sequence_builtin.svh'.
Back to file '/nas/usr/synopsys/vcs-mx/O-2018.09-SP2/etc/uvm-1.1/seq/uvm_seq.svh'.
Back to file '/nas/usr/synopsys/vcs-mx/O-2018.09-SP2/etc/uvm-1.1/uvm_pkg.sv'.
Parsing included file '/nas/usr/synopsys/vcs-mx/O-2018.09-SP2/etc/uvm-1.1/tlm2/uvm_tlm2.svh'.
Parsing included file '/nas/usr/synopsys/vcs-mx/O-2018.09-SP2/etc/uvm-1.1/tlm2/uvm_tlm2_defines.svh'.
Back to file '/nas/usr/synopsys/vcs-mx/O-2018.09-SP2/etc/uvm-1.1/tlm2/uvm_tlm2.svh'.
Parsing included file '/nas/usr/synopsys/vcs-mx/O-2018.09-SP2/etc/uvm-1.1/tlm2/uvm_tlm2_time.svh'.
Back to file '/nas/usr/synopsys/vcs-mx/O-2018.09-SP2/etc/uvm-1.1/tlm2/uvm_tlm2.svh'.
Parsing included file '/nas/usr/synopsys/vcs-mx/O-2018.09-SP2/etc/uvm-1.1/tlm2/uvm_tlm2_generic_payload.svh'.
Back to file '/nas/usr/synopsys/vcs-mx/O-2018.09-SP2/etc/uvm-1.1/tlm2/uvm_tlm2.svh'.
Parsing included file '/nas/usr/synopsys/vcs-mx/O-2018.09-SP2/etc/uvm-1.1/tlm2/uvm_tlm2_ifs.svh'.
Back to file '/nas/usr/synopsys/vcs-mx/O-2018.09-SP2/etc/uvm-1.1/tlm2/uvm_tlm2.svh'.
Parsing included file '/nas/usr/synopsys/vcs-mx/O-2018.09-SP2/etc/uvm-1.1/tlm2/uvm_tlm2_imps.svh'.
Back to file '/nas/usr/synopsys/vcs-mx/O-2018.09-SP2/etc/uvm-1.1/tlm2/uvm_tlm2.svh'.
Parsing included file '/nas/usr/synopsys/vcs-mx/O-2018.09-SP2/etc/uvm-1.1/tlm2/uvm_tlm2_ports.svh'.
Back to file '/nas/usr/synopsys/vcs-mx/O-2018.09-SP2/etc/uvm-1.1/tlm2/uvm_tlm2.svh'.
Parsing included file '/nas/usr/synopsys/vcs-mx/O-2018.09-SP2/etc/uvm-1.1/tlm2/uvm_tlm2_exports.svh'.
Back to file '/nas/usr/synopsys/vcs-mx/O-2018.09-SP2/etc/uvm-1.1/tlm2/uvm_tlm2.svh'.
Parsing included file '/nas/usr/synopsys/vcs-mx/O-2018.09-SP2/etc/uvm-1.1/tlm2/uvm_tlm2_sockets_base.svh'.
Back to file '/nas/usr/synopsys/vcs-mx/O-2018.09-SP2/etc/uvm-1.1/tlm2/uvm_tlm2.svh'.
Parsing included file '/nas/usr/synopsys/vcs-mx/O-2018.09-SP2/etc/uvm-1.1/tlm2/uvm_tlm2_sockets.svh'.
Back to file '/nas/usr/synopsys/vcs-mx/O-2018.09-SP2/etc/uvm-1.1/tlm2/uvm_tlm2.svh'.
Back to file '/nas/usr/synopsys/vcs-mx/O-2018.09-SP2/etc/uvm-1.1/uvm_pkg.sv'.
Parsing included file '/nas/usr/synopsys/vcs-mx/O-2018.09-SP2/etc/uvm-1.1/reg/uvm_reg_model.svh'.
Parsing included file '/nas/usr/synopsys/vcs-mx/O-2018.09-SP2/etc/uvm-1.1/reg/uvm_reg_item.svh'.
Back to file '/nas/usr/synopsys/vcs-mx/O-2018.09-SP2/etc/uvm-1.1/reg/uvm_reg_model.svh'.
Parsing included file '/nas/usr/synopsys/vcs-mx/O-2018.09-SP2/etc/uvm-1.1/reg/uvm_reg_adapter.svh'.
Back to file '/nas/usr/synopsys/vcs-mx/O-2018.09-SP2/etc/uvm-1.1/reg/uvm_reg_model.svh'.
Parsing included file '/nas/usr/synopsys/vcs-mx/O-2018.09-SP2/etc/uvm-1.1/reg/uvm_reg_predictor.svh'.
Back to file '/nas/usr/synopsys/vcs-mx/O-2018.09-SP2/etc/uvm-1.1/reg/uvm_reg_model.svh'.
Parsing included file '/nas/usr/synopsys/vcs-mx/O-2018.09-SP2/etc/uvm-1.1/reg/uvm_reg_sequence.svh'.
Back to file '/nas/usr/synopsys/vcs-mx/O-2018.09-SP2/etc/uvm-1.1/reg/uvm_reg_model.svh'.
Parsing included file '/nas/usr/synopsys/vcs-mx/O-2018.09-SP2/etc/uvm-1.1/reg/uvm_reg_cbs.svh'.
Back to file '/nas/usr/synopsys/vcs-mx/O-2018.09-SP2/etc/uvm-1.1/reg/uvm_reg_model.svh'.
Parsing included file '/nas/usr/synopsys/vcs-mx/O-2018.09-SP2/etc/uvm-1.1/reg/uvm_reg_backdoor.svh'.
Back to file '/nas/usr/synopsys/vcs-mx/O-2018.09-SP2/etc/uvm-1.1/reg/uvm_reg_model.svh'.
Parsing included file '/nas/usr/synopsys/vcs-mx/O-2018.09-SP2/etc/uvm-1.1/reg/uvm_reg_field.svh'.
Back to file '/nas/usr/synopsys/vcs-mx/O-2018.09-SP2/etc/uvm-1.1/reg/uvm_reg_model.svh'.
Parsing included file '/nas/usr/synopsys/vcs-mx/O-2018.09-SP2/etc/uvm-1.1/reg/uvm_vreg_field.svh'.
Back to file '/nas/usr/synopsys/vcs-mx/O-2018.09-SP2/etc/uvm-1.1/reg/uvm_reg_model.svh'.
Parsing included file '/nas/usr/synopsys/vcs-mx/O-2018.09-SP2/etc/uvm-1.1/reg/uvm_reg.svh'.
Back to file '/nas/usr/synopsys/vcs-mx/O-2018.09-SP2/etc/uvm-1.1/reg/uvm_reg_model.svh'.
Parsing included file '/nas/usr/synopsys/vcs-mx/O-2018.09-SP2/etc/uvm-1.1/reg/uvm_reg_indirect.svh'.
Back to file '/nas/usr/synopsys/vcs-mx/O-2018.09-SP2/etc/uvm-1.1/reg/uvm_reg_model.svh'.
Parsing included file '/nas/usr/synopsys/vcs-mx/O-2018.09-SP2/etc/uvm-1.1/reg/uvm_reg_fifo.svh'.
Back to file '/nas/usr/synopsys/vcs-mx/O-2018.09-SP2/etc/uvm-1.1/reg/uvm_reg_model.svh'.
Parsing included file '/nas/usr/synopsys/vcs-mx/O-2018.09-SP2/etc/uvm-1.1/reg/uvm_reg_file.svh'.
Back to file '/nas/usr/synopsys/vcs-mx/O-2018.09-SP2/etc/uvm-1.1/reg/uvm_reg_model.svh'.
Parsing included file '/nas/usr/synopsys/vcs-mx/O-2018.09-SP2/etc/uvm-1.1/reg/uvm_mem_mam.svh'.
Back to file '/nas/usr/synopsys/vcs-mx/O-2018.09-SP2/etc/uvm-1.1/reg/uvm_reg_model.svh'.
Parsing included file '/nas/usr/synopsys/vcs-mx/O-2018.09-SP2/etc/uvm-1.1/reg/uvm_vreg.svh'.
Back to file '/nas/usr/synopsys/vcs-mx/O-2018.09-SP2/etc/uvm-1.1/reg/uvm_reg_model.svh'.
Parsing included file '/nas/usr/synopsys/vcs-mx/O-2018.09-SP2/etc/uvm-1.1/reg/uvm_mem.svh'.
Back to file '/nas/usr/synopsys/vcs-mx/O-2018.09-SP2/etc/uvm-1.1/reg/uvm_reg_model.svh'.
Parsing included file '/nas/usr/synopsys/vcs-mx/O-2018.09-SP2/etc/uvm-1.1/reg/uvm_reg_map.svh'.
Back to file '/nas/usr/synopsys/vcs-mx/O-2018.09-SP2/etc/uvm-1.1/reg/uvm_reg_model.svh'.
Parsing included file '/nas/usr/synopsys/vcs-mx/O-2018.09-SP2/etc/uvm-1.1/reg/uvm_reg_block.svh'.
Back to file '/nas/usr/synopsys/vcs-mx/O-2018.09-SP2/etc/uvm-1.1/reg/uvm_reg_model.svh'.
Parsing included file '/nas/usr/synopsys/vcs-mx/O-2018.09-SP2/etc/uvm-1.1/reg/sequences/uvm_reg_hw_reset_seq.svh'.
Back to file '/nas/usr/synopsys/vcs-mx/O-2018.09-SP2/etc/uvm-1.1/reg/uvm_reg_model.svh'.
Parsing included file '/nas/usr/synopsys/vcs-mx/O-2018.09-SP2/etc/uvm-1.1/reg/sequences/uvm_reg_bit_bash_seq.svh'.
Back to file '/nas/usr/synopsys/vcs-mx/O-2018.09-SP2/etc/uvm-1.1/reg/uvm_reg_model.svh'.
Parsing included file '/nas/usr/synopsys/vcs-mx/O-2018.09-SP2/etc/uvm-1.1/reg/sequences/uvm_mem_walk_seq.svh'.
Back to file '/nas/usr/synopsys/vcs-mx/O-2018.09-SP2/etc/uvm-1.1/reg/uvm_reg_model.svh'.
Parsing included file '/nas/usr/synopsys/vcs-mx/O-2018.09-SP2/etc/uvm-1.1/reg/sequences/uvm_mem_access_seq.svh'.
Back to file '/nas/usr/synopsys/vcs-mx/O-2018.09-SP2/etc/uvm-1.1/reg/uvm_reg_model.svh'.
Parsing included file '/nas/usr/synopsys/vcs-mx/O-2018.09-SP2/etc/uvm-1.1/reg/sequences/uvm_reg_access_seq.svh'.
Back to file '/nas/usr/synopsys/vcs-mx/O-2018.09-SP2/etc/uvm-1.1/reg/uvm_reg_model.svh'.
Parsing included file '/nas/usr/synopsys/vcs-mx/O-2018.09-SP2/etc/uvm-1.1/reg/sequences/uvm_reg_mem_shared_access_seq.svh'.
Back to file '/nas/usr/synopsys/vcs-mx/O-2018.09-SP2/etc/uvm-1.1/reg/uvm_reg_model.svh'.
Parsing included file '/nas/usr/synopsys/vcs-mx/O-2018.09-SP2/etc/uvm-1.1/reg/sequences/uvm_reg_mem_built_in_seq.svh'.
Back to file '/nas/usr/synopsys/vcs-mx/O-2018.09-SP2/etc/uvm-1.1/reg/uvm_reg_model.svh'.
Parsing included file '/nas/usr/synopsys/vcs-mx/O-2018.09-SP2/etc/uvm-1.1/reg/sequences/uvm_reg_mem_hdl_paths_seq.svh'.
Back to file '/nas/usr/synopsys/vcs-mx/O-2018.09-SP2/etc/uvm-1.1/reg/uvm_reg_model.svh'.
Parsing included file '/nas/usr/synopsys/vcs-mx/O-2018.09-SP2/etc/uvm-1.1/reg/snps_uvm_reg_bank.svh'.
Back to file '/nas/usr/synopsys/vcs-mx/O-2018.09-SP2/etc/uvm-1.1/reg/uvm_reg_model.svh'.
Back to file '/nas/usr/synopsys/vcs-mx/O-2018.09-SP2/etc/uvm-1.1/uvm_pkg.sv'.
Parsing design file '/nas/usr/synopsys/vcs-mx/O-2018.09-SP2/etc/uvm-1.1/vcs/uvm_custom_install_vcs_recorder.sv'
Parsing included file '/nas/usr/synopsys/vcs-mx/O-2018.09-SP2/etc/uvm-1.1/vcs/msglog.svh'.
Back to file '/nas/usr/synopsys/vcs-mx/O-2018.09-SP2/etc/uvm-1.1/vcs/uvm_custom_install_vcs_recorder.sv'.
Parsing included file '/nas/usr/synopsys/vcs-mx/O-2018.09-SP2/etc/uvm-1.1/vcs/uvm_msglog_report_server.sv'.
Back to file '/nas/usr/synopsys/vcs-mx/O-2018.09-SP2/etc/uvm-1.1/vcs/uvm_custom_install_vcs_recorder.sv'.
Parsing included file '/nas/usr/synopsys/vcs-mx/O-2018.09-SP2/etc/uvm-1.1/vcs/uvm_vcs_recorder.svh'.
Back to file '/nas/usr/synopsys/vcs-mx/O-2018.09-SP2/etc/uvm-1.1/vcs/uvm_custom_install_vcs_recorder.sv'.
Parsing included file '/nas/usr/synopsys/vcs-mx/O-2018.09-SP2/etc/uvm-1.1/vcs/uvm_vcs_record_interface.sv'.
Back to file '/nas/usr/synopsys/vcs-mx/O-2018.09-SP2/etc/uvm-1.1/vcs/uvm_custom_install_vcs_recorder.sv'.
Parsing design file '/nas/usr/synopsys/vcs-mx/O-2018.09-SP2/etc/uvm-1.1/verdi/uvm_custom_install_verdi_recorder.sv'
Parsing included file '/nas/usr/synopsys/vcs-mx/O-2018.09-SP2/etc/uvm-1.1/uvm_macros.svh'.
Back to file '/nas/usr/synopsys/vcs-mx/O-2018.09-SP2/etc/uvm-1.1/verdi/uvm_custom_install_verdi_recorder.sv'.
Parsing included file '/nas/usr/synopsys/vcs-mx/O-2018.09-SP2/etc/uvm-1.1/verdi/uvm_verdi_recorder.svh'.
Parsing included file '/nas/usr/synopsys/vcs-mx/O-2018.09-SP2/etc/uvm-1.1/verdi/uvm_verdi_pli_base.svh'.
Back to file '/nas/usr/synopsys/vcs-mx/O-2018.09-SP2/etc/uvm-1.1/verdi/uvm_verdi_recorder.svh'.
Back to file '/nas/usr/synopsys/vcs-mx/O-2018.09-SP2/etc/uvm-1.1/verdi/uvm_custom_install_verdi_recorder.sv'.
Parsing included file '/nas/usr/synopsys/vcs-mx/O-2018.09-SP2/etc/uvm-1.1/verdi/uvm_verdi_reg_map_recording.sv'.
Back to file '/nas/usr/synopsys/vcs-mx/O-2018.09-SP2/etc/uvm-1.1/verdi/uvm_custom_install_verdi_recorder.sv'.
Parsing included file '/nas/usr/synopsys/vcs-mx/O-2018.09-SP2/etc/uvm-1.1/verdi/uvm_verdi_message_catcher.svh'.
Parsing included file '/nas/usr/synopsys/vcs-mx/O-2018.09-SP2/etc/uvm-1.1/verdi/uvm_verdi_pli_base.svh'.
Back to file '/nas/usr/synopsys/vcs-mx/O-2018.09-SP2/etc/uvm-1.1/verdi/uvm_verdi_message_catcher.svh'.
Back to file '/nas/usr/synopsys/vcs-mx/O-2018.09-SP2/etc/uvm-1.1/verdi/uvm_custom_install_verdi_recorder.sv'.
Parsing included file '/nas/usr/synopsys/vcs-mx/O-2018.09-SP2/etc/uvm-1.1/verdi/./dpi/uvm_verdi_dpi.svh'.
Back to file '/nas/usr/synopsys/vcs-mx/O-2018.09-SP2/etc/uvm-1.1/verdi/uvm_custom_install_verdi_recorder.sv'.
Parsing included file '/nas/usr/synopsys/vcs-mx/O-2018.09-SP2/etc/uvm-1.1/verdi/uvm_verdi_reg_recording.sv'.
Back to file '/nas/usr/synopsys/vcs-mx/O-2018.09-SP2/etc/uvm-1.1/verdi/uvm_custom_install_verdi_recorder.sv'.
Parsing included file '/nas/usr/synopsys/vcs-mx/O-2018.09-SP2/etc/uvm-1.1/verdi/verdi_trans_recorder_dpi.svh'.
Back to file '/nas/usr/synopsys/vcs-mx/O-2018.09-SP2/etc/uvm-1.1/verdi/uvm_custom_install_verdi_recorder.sv'.
Parsing included file '/nas/usr/synopsys/vcs-mx/O-2018.09-SP2/etc/uvm-1.1/verdi/uvm_verdi_pli.svh'.
Back to file '/nas/usr/synopsys/vcs-mx/O-2018.09-SP2/etc/uvm-1.1/verdi/uvm_custom_install_verdi_recorder.sv'.
Parsing design file '/nas/home/yantl/uvm_lab_test/lab_my_01/sv/test.sv'
Parsing included file '/nas/usr/synopsys/vcs-mx/O-2018.09-SP2/etc/uvm-1.1/uvm_macros.svh'.
Back to file '/nas/home/yantl/uvm_lab_test/lab_my_01/sv/test.sv'.
Parsing included file '../sv/my_transaction.sv'.
Back to file '/nas/home/yantl/uvm_lab_test/lab_my_01/sv/test.sv'.
Top Level Modules:
       uvm_custom_install_recording
       uvm_custom_install_verdi_recording
       test
TimeScale is 1 ns / 1 ns
Starting vcs inline pass...
7 modules and 0 UDP read.
recompiling package vcs_paramclassrepository
recompiling package _vcs_DPI_package
recompiling package uvm_pkg
recompiling package _vcs_msglog
recompiling module uvm_custom_install_recording
recompiling module uvm_custom_install_verdi_recording
recompiling module test
All of 7 modules done
make[1]: Entering directory `/nas/home/yantl/uvm_lab_test/lab_my_01/tb/csrc'
rm -f _csrc*.so pre_vcsobj_*.so share_vcsobj_*.so
g++ -w  -pipe -DVCS -DUVM_DPI_DO_TYPE_CHECK -fPIC -DVCS -O -I/nas/usr/synopsys/vcs-mx/O-2018.09-SP2/include \
-c /nas/usr/synopsys/vcs-mx/O-2018.09-SP2/etc/uvm-1.1/dpi/uvm_dpi.cc
g++ -w  -pipe -DVCS -DUVM_DPI_DO_TYPE_CHECK -fPIC -DVCS -O -I/nas/usr/synopsys/vcs-mx/O-2018.09-SP2/include \
-c /nas/usr/synopsys/vcs-mx/O-2018.09-SP2/etc/uvm-1.1/verdi/dpi/uvm_verdi_dpi.cpp \

if [ -x ../simv ]; then chmod -x ../simv; fi
g++  -o ../simv    -Wl,-rpath-link=./ -Wl,-rpath='$ORIGIN'/simv.daidir/ -Wl,-rpath=./simv.daidir/ \
-Wl,-rpath='$ORIGIN'/simv.daidir//scsim.db.dir  -rdynamic  -Wl,-rpath=/nas/usr/synopsys/vcs-mx/O-2018.09-SP2/linux64/lib \
-L/nas/usr/synopsys/vcs-mx/O-2018.09-SP2/linux64/lib  /nas/usr/synopsys/vera_D-2009.12-6/vera_vD-2009.12-6_amd64/lib/vera_user.o \
uvm_dpi.o uvm_verdi_dpi.o   objs/amcQw_d.o   _137953_archive_1.so  SIM_l.o      rmapats_mop.o \
rmapats.o rmar.o rmar_nd.o  rmar_llvm_0_1.o rmar_llvm_0_0.o          -lzerosoft_rt_stubs \
-lvirsim -lcmsg -lerrorinf -lsnpsmalloc -lvfs /nas/usr/novas/Novas/share/PLI/vcs72/LINUX64/pli.a \
/nas/usr/synopsys/vera_D-2009.12-6/vera_vD-2009.12-6_amd64/lib/vlog/libVeraVcs.a \
-lnsl    -lvcsnew -lsimprofile -luclinative /nas/usr/synopsys/vcs-mx/O-2018.09-SP2/linux64/lib/vcs_tls.o \
-Wl,-whole-archive -lvcsucli -Wl,-no-whole-archive       ./../simv.daidir/vc_hdrs.o \
_vcs_pli_stub_.o   /nas/usr/synopsys/vcs-mx/O-2018.09-SP2/linux64/lib/vcs_save_restore_new.o \
/nas/usr/synopsys/verdi/Verdi_O-2018.09-SP2/share/PLI/VCS/LINUX64/pli.a -ldl -rdynamic \
-ldl -lm  -lc -lpthread -ldl 
../simv up to date
make[1]: Leaving directory `/nas/home/yantl/uvm_lab_test/lab_my_01/tb/csrc'
CPU time: 14.562 seconds to compile + .414 seconds to elab + 1.160 seconds to link
