#######################################################################################
# log primitive debug message of FSDB dumping                                         #
# This is for R&D to analyze when there are issues happening when FSDB dump           #
#######################################################################################
ANF: vcsd_get_serial_mode_status('/home/ICer/Documents/basic_uvm/labs/lab_02/sv/simv: undefined symbol: vcsd_get_serial_mode_status')
ANF: vcsd_enable_sva_success_callback('/home/ICer/Documents/basic_uvm/labs/lab_02/sv/simv: undefined symbol: vcsd_enable_sva_success_callback')
ANF: vcsd_disable_sva_success_callback('/home/ICer/Documents/basic_uvm/labs/lab_02/sv/simv: undefined symbol: vcsd_disable_sva_success_callback')
ANF: vcsd_get_thread_id('/home/ICer/Documents/basic_uvm/labs/lab_02/sv/simv: undefined symbol: vcsd_get_thread_id')
ANF: vcsd_get_power_scope_name('/home/ICer/Documents/basic_uvm/labs/lab_02/sv/simv: undefined symbol: vcsd_get_power_scope_name')
ANF: vcsd_begin_no_value_var_info('/home/ICer/Documents/basic_uvm/labs/lab_02/sv/simv: undefined symbol: vcsd_begin_no_value_var_info')
ANF: vcsd_end_no_value_var_info('/home/ICer/Documents/basic_uvm/labs/lab_02/sv/simv: undefined symbol: vcsd_end_no_value_var_info')
ANF: vcsd_remove_xprop_merge_mode_callback('/home/ICer/Documents/basic_uvm/labs/lab_02/sv/simv: undefined symbol: vcsd_remove_xprop_merge_mode_callback')
ANF: vcsd_node_check_native_callback('/home/ICer/Documents/basic_uvm/labs/lab_02/sv/simv: undefined symbol: vcsd_node_check_native_callback')
ANF: vcsd_node_add_native_callback('/home/ICer/Documents/basic_uvm/labs/lab_02/sv/simv: undefined symbol: vcsd_node_add_native_callback')
ANF: vcsdIsNativeVc('/home/ICer/Documents/basic_uvm/labs/lab_02/sv/simv: undefined symbol: vcsdIsNativeVc')
ANF: vhpi_get_cb_info('/home/ICer/Documents/basic_uvm/labs/lab_02/sv/simv: undefined symbol: vhpi_get_cb_info')
ANF: vhpi_free_handle('/home/ICer/Documents/basic_uvm/labs/lab_02/sv/simv: undefined symbol: vhpi_free_handle')
ANF: vhpi_fetch_vcsd_handle('/home/ICer/Documents/basic_uvm/labs/lab_02/sv/simv: undefined symbol: vhpi_fetch_vcsd_handle')
ANF: vhpi_fetch_vpi_handle('/home/ICer/Documents/basic_uvm/labs/lab_02/sv/simv: undefined symbol: vhpi_fetch_vpi_handle')
ANF: vhpi_has_verilog_parent('/home/ICer/Documents/basic_uvm/labs/lab_02/sv/simv: undefined symbol: vhpi_has_verilog_parent')
ANF: vhpi_is_verilog_scope('/home/ICer/Documents/basic_uvm/labs/lab_02/sv/simv: undefined symbol: vhpi_is_verilog_scope')
ANF: scsd_xprop_is_enabled('/home/ICer/Documents/basic_uvm/labs/lab_02/sv/simv: undefined symbol: scsd_xprop_is_enabled')
ANF: scsd_xprop_sig_is_promoted('/home/ICer/Documents/basic_uvm/labs/lab_02/sv/simv: undefined symbol: scsd_xprop_sig_is_promoted')
ANF: scsd_xprop_int_xvalue('/home/ICer/Documents/basic_uvm/labs/lab_02/sv/simv: undefined symbol: scsd_xprop_int_xvalue')
ANF: scsd_xprop_bool_xvalue('/home/ICer/Documents/basic_uvm/labs/lab_02/sv/simv: undefined symbol: scsd_xprop_bool_xvalue')
ANF: scsd_xprop_enum_xvalue('/home/ICer/Documents/basic_uvm/labs/lab_02/sv/simv: undefined symbol: scsd_xprop_enum_xvalue')
ANF: scsd_xprop_register_merge_mode_cb('/home/ICer/Documents/basic_uvm/labs/lab_02/sv/simv: undefined symbol: scsd_xprop_register_merge_mode_cb')
ANF: scsd_xprop_delete_merge_mode_cb('/home/ICer/Documents/basic_uvm/labs/lab_02/sv/simv: undefined symbol: scsd_xprop_delete_merge_mode_cb')
ANF: scsd_xprop_get_merge_mode('/home/ICer/Documents/basic_uvm/labs/lab_02/sv/simv: undefined symbol: scsd_xprop_get_merge_mode')
ANF: scsd_thread_get_info('/home/ICer/Documents/basic_uvm/labs/lab_02/sv/simv: undefined symbol: scsd_thread_get_info')
ANF: scsd_thread_vc_init('/home/ICer/Documents/basic_uvm/labs/lab_02/sv/simv: undefined symbol: scsd_thread_vc_init')
ANF: scsd_master_set_delta_sync_cbk('/home/ICer/Documents/basic_uvm/labs/lab_02/sv/simv: undefined symbol: scsd_master_set_delta_sync_cbk')
ANF: scsd_fgp_get_fsdb_cores('/home/ICer/Documents/basic_uvm/labs/lab_02/sv/simv: undefined symbol: scsd_fgp_get_fsdb_cores')
ANF: msvEnableDumpingMode('/home/ICer/Documents/basic_uvm/labs/lab_02/sv/simv: undefined symbol: msvEnableDumpingMode')
ANF: msvGetVersion('/home/ICer/Documents/basic_uvm/labs/lab_02/sv/simv: undefined symbol: msvGetVersion')
ANF: msvGetInstProp('/home/ICer/Documents/basic_uvm/labs/lab_02/sv/simv: undefined symbol: msvGetInstProp')
ANF: msvIsSpiceEngineReady('/home/ICer/Documents/basic_uvm/labs/lab_02/sv/simv: undefined symbol: msvIsSpiceEngineReady')
ANF: msvSetAddProbeCallback('/home/ICer/Documents/basic_uvm/labs/lab_02/sv/simv: undefined symbol: msvSetAddProbeCallback')
ANF: msvGetInstHandle('/home/ICer/Documents/basic_uvm/labs/lab_02/sv/simv: undefined symbol: msvGetInstHandle')
ANF: msvGetProbeByInst('/home/ICer/Documents/basic_uvm/labs/lab_02/sv/simv: undefined symbol: msvGetProbeByInst')
ANF: msvGetSigHandle('/home/ICer/Documents/basic_uvm/labs/lab_02/sv/simv: undefined symbol: msvGetSigHandle')
ANF: msvGetProbeBySig('/home/ICer/Documents/basic_uvm/labs/lab_02/sv/simv: undefined symbol: msvGetProbeBySig')
ANF: msvGetProbeInfo('/home/ICer/Documents/basic_uvm/labs/lab_02/sv/simv: undefined symbol: msvGetProbeInfo')
ANF: msvRelease('/home/ICer/Documents/basic_uvm/labs/lab_02/sv/simv: undefined symbol: msvRelease')
ANF: msvSetVcCallbackFunc('/home/ICer/Documents/basic_uvm/labs/lab_02/sv/simv: undefined symbol: msvSetVcCallbackFunc')
ANF: msvCheckVcCallback('/home/ICer/Documents/basic_uvm/labs/lab_02/sv/simv: undefined symbol: msvCheckVcCallback')
ANF: msvAddVcCallback('/home/ICer/Documents/basic_uvm/labs/lab_02/sv/simv: undefined symbol: msvAddVcCallback')
ANF: msvRemoveVcCallback('/home/ICer/Documents/basic_uvm/labs/lab_02/sv/simv: undefined symbol: msvRemoveVcCallback')
ANF: msvGetLatestValue('/home/ICer/Documents/basic_uvm/labs/lab_02/sv/simv: undefined symbol: msvGetLatestValue')
ANF: msvSetEndofSimCallback('/home/ICer/Documents/basic_uvm/labs/lab_02/sv/simv: undefined symbol: msvSetEndofSimCallback')
ANF: msvIgnoredProbe('/home/ICer/Documents/basic_uvm/labs/lab_02/sv/simv: undefined symbol: msvIgnoredProbe')
ANF: msvGetThruNetInfo('/home/ICer/Documents/basic_uvm/labs/lab_02/sv/simv: undefined symbol: msvGetThruNetInfo')
ANF: msvFreeThruNetInfo('/home/ICer/Documents/basic_uvm/labs/lab_02/sv/simv: undefined symbol: msvFreeThruNetInfo')
ANF: PI_ace_get_output_time_unit('/home/ICer/Documents/basic_uvm/labs/lab_02/sv/simv: undefined symbol: PI_ace_get_output_time_unit')
ANF: PI_ace_sim_sync('/home/ICer/Documents/basic_uvm/labs/lab_02/sv/simv: undefined symbol: PI_ace_sim_sync')
ANF: msvGetRereadInitFile('/home/ICer/Documents/basic_uvm/labs/lab_02/sv/simv: undefined symbol: msvGetRereadInitFile')
ANF: msvSetBeforeRereadCallback('/home/ICer/Documents/basic_uvm/labs/lab_02/sv/simv: undefined symbol: msvSetBeforeRereadCallback')
ANF: msvSetAfterRereadCallback('/home/ICer/Documents/basic_uvm/labs/lab_02/sv/simv: undefined symbol: msvSetAfterRereadCallback')
ANF: msvSetForceCallback('/home/ICer/Documents/basic_uvm/labs/lab_02/sv/simv: undefined symbol: msvSetForceCallback')
ANF: msvSetReleaseCallback('/home/ICer/Documents/basic_uvm/labs/lab_02/sv/simv: undefined symbol: msvSetReleaseCallback')
ANF: msvGetForceStatus('/home/ICer/Documents/basic_uvm/labs/lab_02/sv/simv: undefined symbol: msvGetForceStatus')
ANF: vdi_fn_trigger_native_init_force('/home/ICer/Documents/basic_uvm/labs/lab_02/sv/simv: undefined symbol: vdi_fn_trigger_native_init_force')
ANF: vdi_set_native_callback('/home/ICer/Documents/basic_uvm/labs/lab_02/sv/simv: undefined symbol: vdi_set_native_callback')
ANF: vdi_fn_check_native_callback('/home/ICer/Documents/basic_uvm/labs/lab_02/sv/simv: undefined symbol: vdi_fn_check_native_callback')
ANF: vdi_fn_add_native_callback('/home/ICer/Documents/basic_uvm/labs/lab_02/sv/simv: undefined symbol: vdi_fn_add_native_callback')
ANF: vhdi_dt_get_type('/home/ICer/Documents/basic_uvm/labs/lab_02/sv/simv: undefined symbol: vhdi_dt_get_type')
ANF: vhdi_dt_get_key('/home/ICer/Documents/basic_uvm/labs/lab_02/sv/simv: undefined symbol: vhdi_dt_get_key')
ANF: vhdi_dt_get_vhdl_enum_info('/home/ICer/Documents/basic_uvm/labs/lab_02/sv/simv: undefined symbol: vhdi_dt_get_vhdl_enum_info')
ANF: vhdi_dt_get_vhdl_physical_info('/home/ICer/Documents/basic_uvm/labs/lab_02/sv/simv: undefined symbol: vhdi_dt_get_vhdl_physical_info')
ANF: vhdi_dt_get_vhdl_array_info('/home/ICer/Documents/basic_uvm/labs/lab_02/sv/simv: undefined symbol: vhdi_dt_get_vhdl_array_info')
ANF: vhdi_dt_get_vhdl_record_info('/home/ICer/Documents/basic_uvm/labs/lab_02/sv/simv: undefined symbol: vhdi_dt_get_vhdl_record_info')
ANF: vhdi_def_traverse_module('/home/ICer/Documents/basic_uvm/labs/lab_02/sv/simv: undefined symbol: vhdi_def_traverse_module')
ANF: vhdi_def_traverse_scope('/home/ICer/Documents/basic_uvm/labs/lab_02/sv/simv: undefined symbol: vhdi_def_traverse_scope')
ANF: vhdi_def_traverse_variable('/home/ICer/Documents/basic_uvm/labs/lab_02/sv/simv: undefined symbol: vhdi_def_traverse_variable')
ANF: vhdi_def_get_module_id_by_vhpi('/home/ICer/Documents/basic_uvm/labs/lab_02/sv/simv: undefined symbol: vhdi_def_get_module_id_by_vhpi')
ANF: vhdi_def_get_handle_by_module_id('/home/ICer/Documents/basic_uvm/labs/lab_02/sv/simv: undefined symbol: vhdi_def_get_handle_by_module_id')
ANF: vhdi_def_get_variable_info_by_vhpi('/home/ICer/Documents/basic_uvm/labs/lab_02/sv/simv: undefined symbol: vhdi_def_get_variable_info_by_vhpi')
ANF: vhdi_def_free('/home/ICer/Documents/basic_uvm/labs/lab_02/sv/simv: undefined symbol: vhdi_def_free')
ANF: vhdi_ist_traverse_scope('/home/ICer/Documents/basic_uvm/labs/lab_02/sv/simv: undefined symbol: vhdi_ist_traverse_scope')
ANF: vhdi_ist_traverse_variable('/home/ICer/Documents/basic_uvm/labs/lab_02/sv/simv: undefined symbol: vhdi_ist_traverse_variable')
ANF: vhdi_ist_convert_by_vhpi('/home/ICer/Documents/basic_uvm/labs/lab_02/sv/simv: undefined symbol: vhdi_ist_convert_by_vhpi')
ANF: vhdi_ist_clone('/home/ICer/Documents/basic_uvm/labs/lab_02/sv/simv: undefined symbol: vhdi_ist_clone')
ANF: vhdi_ist_free('/home/ICer/Documents/basic_uvm/labs/lab_02/sv/simv: undefined symbol: vhdi_ist_free')
ANF: vhdi_ist_hash_key('/home/ICer/Documents/basic_uvm/labs/lab_02/sv/simv: undefined symbol: vhdi_ist_hash_key')
ANF: vhdi_ist_compare('/home/ICer/Documents/basic_uvm/labs/lab_02/sv/simv: undefined symbol: vhdi_ist_compare')
ANF: vhdi_ist_get_value_addr('/home/ICer/Documents/basic_uvm/labs/lab_02/sv/simv: undefined symbol: vhdi_ist_get_value_addr')
ANF: vhdi_set_scsd_callback('/home/ICer/Documents/basic_uvm/labs/lab_02/sv/simv: undefined symbol: vhdi_set_scsd_callback')
ANF: vhdi_cbk_set_force_callback('/home/ICer/Documents/basic_uvm/labs/lab_02/sv/simv: undefined symbol: vhdi_cbk_set_force_callback')
ANF: vhdi_trigger_init_force('/home/ICer/Documents/basic_uvm/labs/lab_02/sv/simv: undefined symbol: vhdi_trigger_init_force')
ANF: vhdi_ist_check_scsd_callback('/home/ICer/Documents/basic_uvm/labs/lab_02/sv/simv: undefined symbol: vhdi_ist_check_scsd_callback')
ANF: vhdi_ist_add_scsd_callback('/home/ICer/Documents/basic_uvm/labs/lab_02/sv/simv: undefined symbol: vhdi_ist_add_scsd_callback')
ANF: vhdi_ist_remove_scsd_callback('/home/ICer/Documents/basic_uvm/labs/lab_02/sv/simv: undefined symbol: vhdi_ist_remove_scsd_callback')
ANF: vhdi_ist_get_scsd_user_data('/home/ICer/Documents/basic_uvm/labs/lab_02/sv/simv: undefined symbol: vhdi_ist_get_scsd_user_data')
ANF: vhdi_add_time_change_callback('/home/ICer/Documents/basic_uvm/labs/lab_02/sv/simv: undefined symbol: vhdi_add_time_change_callback')
ANF: vhdi_get_real_value_by_value_addr('/home/ICer/Documents/basic_uvm/labs/lab_02/sv/simv: undefined symbol: vhdi_get_real_value_by_value_addr')
ANF: vhdi_get_64_value_by_value_addr('/home/ICer/Documents/basic_uvm/labs/lab_02/sv/simv: undefined symbol: vhdi_get_64_value_by_value_addr')
ANF: vhdi_xprop_inst_is_promoted('/home/ICer/Documents/basic_uvm/labs/lab_02/sv/simv: undefined symbol: vhdi_xprop_inst_is_promoted')
ANF: vdi_ist_convert_by_vhdi('/home/ICer/Documents/basic_uvm/labs/lab_02/sv/simv: undefined symbol: vdi_ist_convert_by_vhdi')
ANF: vhdi_ist_get_module_id('/home/ICer/Documents/basic_uvm/labs/lab_02/sv/simv: undefined symbol: vhdi_ist_get_module_id')
ANF: vhdi_refine_foreign_scope_type('/home/ICer/Documents/basic_uvm/labs/lab_02/sv/simv: undefined symbol: vhdi_refine_foreign_scope_type')
ANF: vhdi_flush_callback('/home/ICer/Documents/basic_uvm/labs/lab_02/sv/simv: undefined symbol: vhdi_flush_callback')
ANF: vhdi_set_orig_name('/home/ICer/Documents/basic_uvm/labs/lab_02/sv/simv: undefined symbol: vhdi_set_orig_name')
ANF: vhdi_set_dump_pt('/home/ICer/Documents/basic_uvm/labs/lab_02/sv/simv: undefined symbol: vhdi_set_dump_pt')
ANF: vhdi_get_fsdb_option('/home/ICer/Documents/basic_uvm/labs/lab_02/sv/simv: undefined symbol: vhdi_get_fsdb_option')
ANF: vhdi_fgp_get_mode('/home/ICer/Documents/basic_uvm/labs/lab_02/sv/simv: undefined symbol: vhdi_fgp_get_mode')
ANF: vhdi_node_register_composite_var('/home/ICer/Documents/basic_uvm/labs/lab_02/sv/simv: undefined symbol: vhdi_node_register_composite_var')
ANF: vhdi_node_analysis('/home/ICer/Documents/basic_uvm/labs/lab_02/sv/simv: undefined symbol: vhdi_node_analysis')
ANF: vhdi_node_id('/home/ICer/Documents/basic_uvm/labs/lab_02/sv/simv: undefined symbol: vhdi_node_id')
ANF: vhdi_node_ist_check_scsd_callback('/home/ICer/Documents/basic_uvm/labs/lab_02/sv/simv: undefined symbol: vhdi_node_ist_check_scsd_callback')
ANF: vhdi_node_ist_add_scsd_callback('/home/ICer/Documents/basic_uvm/labs/lab_02/sv/simv: undefined symbol: vhdi_node_ist_add_scsd_callback')
ANF: vhdi_node_ist_get_value_addr('/home/ICer/Documents/basic_uvm/labs/lab_02/sv/simv: undefined symbol: vhdi_node_ist_get_value_addr')
VCS compile option:
 option[0]: /home/ICer/Documents/basic_uvm/labs/lab_02/sv/simv
 option[1]: +UVM_TESTNAME=my_test
 option[2]: +UVM_VERDI_TRACE=UVM_AWARE+RAL+HIER+COMPWAVE
 option[3]: +UVM_TR_RECORD
 option[4]: -sml=verdi
 option[5]: +fsdb+gate=off
 option[6]: -ucli2Proc
 option[7]: -ucli
 option[8]: -l
 option[9]: /home/ICer/Documents/basic_uvm/labs/lab_02/sv/verdiLog/sim.log
 option[10]: /home/synopsys/vcs-mx/O-2018.09-1/linux64/bin/vcs1
 option[11]: -Mcc=gcc
 option[12]: -Mcplusplus=g++
 option[13]: -Masflags=
 option[14]: -Mcfl= -pipe -DVCS -DUVM_DPI_DO_TYPE_CHECK -fPIC -O -I/home/synopsys/vcs-mx/O-2018.09-1/include 
 option[15]: -Mxcflags= -pipe -DVCS -DUVM_DPI_DO_TYPE_CHECK -fPIC -I/home/synopsys/vcs-mx/O-2018.09-1/include
 option[16]: -Mldflags= -rdynamic 
 option[17]: -Mout=simv
 option[18]: -Mamsrun=
 option[19]: -Mvcsaceobjs=
 option[20]: -Mobjects= /home/synopsys/vcs-mx/O-2018.09-1/linux64/lib/libvirsim.so /home/synopsys/vcs-mx/O-2018.09-1/linux64/lib/liberrorinf.so /home/synopsys/vcs-mx/O-2018.09-1/linux64/lib/libsnpsmalloc.so /home/synopsys/vcs-mx/O-2018.09-1/linux64/lib/libvfs.so 
 option[21]: -Mexternalobj=
 option[22]: -Msaverestoreobj=/home/synopsys/vcs-mx/O-2018.09-1/linux64/lib/vcs_save_restore_new.o
 option[23]: -Mcrt0=
 option[24]: -Mcrtn=
 option[25]: -Mcsrc=/home/synopsys/vcs-mx/O-2018.09-1/etc/uvm/dpi/uvm_dpi.cc /home/synopsys/vcs-mx/O-2018.09-1/etc/uvm/verdi/dpi/uvm_verdi_dpi.cpp 
 option[26]: -Msyslibs=/home/synopsys/verdi/Verdi_O-2018.09-SP2/share/PLI/VCS/LINUX64/pli.a -ldl 
 option[27]: +define+UVM_VERDI_VIF_RECORD
 option[28]: +define+UVM_VCS_RECORD
 option[29]: +incdir+/home/synopsys/vcs-mx/O-2018.09-1/etc/uvm/vcs
 option[30]: /home/synopsys/vcs-mx/O-2018.09-1/etc/uvm/uvm_pkg.sv
 option[31]: /home/synopsys/vcs-mx/O-2018.09-1/etc/uvm/vcs/uvm_custom_install_vcs_recorder.sv
 option[32]: +incdir+/home/synopsys/vcs-mx/O-2018.09-1/etc/uvm/verdi
 option[33]: /home/synopsys/vcs-mx/O-2018.09-1/etc/uvm/verdi/uvm_custom_install_verdi_recorder.sv
 option[34]: -full64
 option[35]: -kdb
 option[36]: -Xufe=2steps
 option[37]: -lca
 option[38]: -debug_access+all
 option[39]: +vpi
 option[40]: +vcsd1
 option[41]: +itf+/home/synopsys/vcs-mx/O-2018.09-1/linux64/lib/vcsdp_lite.tab
 option[42]: -ntb_opts
 option[43]: uvm
 option[44]: +incdir+/home/synopsys/vcs-mx/O-2018.09-1/etc/uvm/
 option[45]: -timescale=1ns/1ns
 option[46]: +define+UVM_NO_DPI
 option[47]: -picarchive
 option[48]: -P
 option[49]: /home/synopsys/verdi/Verdi_O-2018.09-SP2/share/PLI/VCS/LINUX64/verdi.tab
 option[50]: -fsdb
 option[51]: -sverilog
 option[52]: -gen_obj
 option[53]: test.sv
 option[54]: /home/ICer/Documents/basic_uvm/uvm-1.1d/src/uvm_pkg.sv
 option[55]: +define+UVM_DIRECTC_OPTS
 option[56]: -load
 option[57]: /home/synopsys/verdi/Verdi_O-2018.09-SP2/share/PLI/VCS/LINUX64/libnovas.so:FSDBDumpCmd
 option[58]: timescale=1ns/1ns
Chronologic Simulation VCS Release O-2018.09-1_Full64
Linux 3.10.0-1160.53.1.el7.x86_64 #1 SMP Fri Jan 14 13:59:45 UTC 2022 x86_64
CPU cores: 2
Limit information:
======================================
cputime		unlimited
filesize		unlimited
datasize		unlimited
stacksize		8249 kbytes
coredumpsize		0 kbytes
memoryuse		unlimited
vmemoryuse		unlimited
descriptors		4096
memorylocked		64 kbytes
maxproc		4096
======================================
(Special)Runtime environment variables:

Runtime environment variables:
XDG_VTNR=1
LC_PAPER=en_US.UTF-8
VCS_STOP_SAFE=1
SSH_AGENT_PID=3233
XDG_SESSION_ID=1
WORK_HOME=/home/ICer/Documents/puvm
HOSTNAME=IC_EDA
LC_MONETARY=en_US.UTF-8
DBUS_STARTER_ADDRESS=unix:abstract=/tmp/dbus-t8QYeXazkJ,guid=6340ed4fe5620eb98b9872ba6670447a
NOVAS_SYNC_MOTIF_DISP=
IMSETTINGS_INTEGRATE_DESKTOP=yes
UVM_HOME=/home/ICer/Documents/uvm-1.1d
SHELL=/bin/bash
VTE_VERSION=5204
XDG_MENU_PREFIX=gnome-
TERM=xterm-256color
MAKEFLAGS=
HISTSIZE=1000
SPS_FONT_PATH=/home/synopsys/verdi/Verdi_O-2018.09-SP2/font
QUESTASIM_HOME=/home/mentor/questasim
GNOME_TERMINAL_SCREEN=/org/gnome/Terminal/screen/8c39ab00_c377_4102_ab77_dfd6f0e5834c
VCS_STACK_EXEC=true
LC_NUMERIC=en_US.UTF-8
SPS_XFONT_PATH=/home/synopsys/verdi/Verdi_O-2018.09-SP2/XFont
QTDIR=/usr/lib/qt-3.3
VCS_PATHMAP_PRELOAD_DONE=1
QTINC=/usr/lib/qt-3.3/include
LC_ALL=C
QT_GRAPHICSSYSTEM_CHECKED=1
IMSETTINGS_MODULE=none
USER=ICer
LS_COLORS=rs=0:di=38;5;27:ln=38;5;51:mh=44;38;5;15:pi=40;38;5;11:so=38;5;13:do=38;5;5:bd=48;5;232;38;5;11:cd=48;5;232;38;5;3:or=48;5;232;38;5;9:mi=05;48;5;232;38;5;15:su=48;5;196;38;5;15:sg=48;5;11;38;5;16:ca=48;5;196;38;5;226:tw=48;5;10;38;5;16:ow=48;5;10;38;5;21:st=48;5;21;38;5;15:ex=38;5;34:*.tar=38;5;9:*.tgz=38;5;9:*.arc=38;5;9:*.arj=38;5;9:*.taz=38;5;9:*.lha=38;5;9:*.lz4=38;5;9:*.lzh=38;5;9:*.lzma=38;5;9:*.tlz=38;5;9:*.txz=38;5;9:*.tzo=38;5;9:*.t7z=38;5;9:*.zip=38;5;9:*.z=38;5;9:*.Z=38;5;9:*.dz=38;5;9:*.gz=38;5;9:*.lrz=38;5;9:*.lz=38;5;9:*.lzo=38;5;9:*.xz=38;5;9:*.bz2=38;5;9:*.bz=38;5;9:*.tbz=38;5;9:*.tbz2=38;5;9:*.tz=38;5;9:*.deb=38;5;9:*.rpm=38;5;9:*.jar=38;5;9:*.war=38;5;9:*.ear=38;5;9:*.sar=38;5;9:*.rar=38;5;9:*.alz=38;5;9:*.ace=38;5;9:*.zoo=38;5;9:*.cpio=38;5;9:*.7z=38;5;9:*.rz=38;5;9:*.cab=38;5;9:*.jpg=38;5;13:*.jpeg=38;5;13:*.gif=38;5;13:*.bmp=38;5;13:*.pbm=38;5;13:*.pgm=38;5;13:*.ppm=38;5;13:*.tga=38;5;13:*.xbm=38;5;13:*.xpm=38;5;13:*.tif=38;5;13:*.tiff=38;5;13:*.png=38;5;13:*.svg=38;5;13:*.svgz=38;5;13:*.mng=38;5;13:*.pcx=38;5;13:*.mov=38;5;13:*.mpg=38;5;13:*.mpeg=38;5;13:*.m2v=38;5;13:*.mkv=38;5;13:*.webm=38;5;13:*.ogm=38;5;13:*.mp4=38;5;13:*.m4v=38;5;13:*.mp4v=38;5;13:*.vob=38;5;13:*.qt=38;5;13:*.nuv=38;5;13:*.wmv=38;5;13:*.asf=38;5;13:*.rm=38;5;13:*.rmvb=38;5;13:*.flc=38;5;13:*.avi=38;5;13:*.fli=38;5;13:*.flv=38;5;13:*.gl=38;5;13:*.dl=38;5;13:*.xcf=38;5;13:*.xwd=38;5;13:*.yuv=38;5;13:*.cgm=38;5;13:*.emf=38;5;13:*.axv=38;5;13:*.anx=38;5;13:*.ogv=38;5;13:*.ogx=38;5;13:*.aac=38;5;45:*.au=38;5;45:*.flac=38;5;45:*.mid=38;5;45:*.midi=38;5;45:*.mka=38;5;45:*.mp3=38;5;45:*.mpc=38;5;45:*.ogg=38;5;45:*.ra=38;5;45:*.wav=38;5;45:*.axa=38;5;45:*.oga=38;5;45:*.spx=38;5;45:*.xspf=38;5;45:
LD_LIBRARY_PATH=:/home/synopsys/verdi/Verdi_O-2018.09-SP2/share/PLI/lib/LINUX64:/home/synopsys/verdi/Verdi_O-2018.09-SP2/share/PLI/IUS/LINUX64/boot:/home/synopsys/verdi/Verdi_O-2018.09-SP2/share/PLI/IUS/LINUX64:/home/cadence/INCISIVE152/tools.lnx86/lib
GNOME_TERMINAL_SERVICE=:1.112
XNLSPATH=/home/synopsys/verdi/Verdi_O-2018.09-SP2/etc/access/nls
MAKE_TERMOUT=/dev/pts/2
SIM_TOOL=VCS
SSH_AUTH_SOCK=/run/user/1000/keyring/ssh
DVE_HOME=/home/synopsys/vcs-mx/O-2018.09-1
SNPSLMD_LICENSE_FILE=27000@IC_EDA
USERNAME=ICer
SESSION_MANAGER=local/unix:@/tmp/.ICE-unix/3104,unix/unix:/tmp/.ICE-unix/3104
MAKELEVEL=1
MFLAGS=
MMSIMHOME=/home/cadence/MMSIM151
VCS_HEAP_EXEC=true
GNOME_SHELL_SESSION_MODE=classic
DESKTOP_SESSION=gnome-classic
PATH=/bin:/home/ICer/Documents/puvm/bin:/home/Xilinx/SDK/2019.1/bin:/home/Xilinx/SDK/2019.1/gnu/microblaze/lin/bin:/home/Xilinx/SDK/2019.1/gnu/arm/lin/bin:/home/Xilinx/SDK/2019.1/gnu/microblaze/linux_toolchain/lin64_le/bin:/home/Xilinx/SDK/2019.1/gnu/aarch32/lin/gcc-arm-linux-gnueabi/bin:/home/Xilinx/SDK/2019.1/gnu/aarch32/lin/gcc-arm-none-eabi/bin:/home/Xilinx/SDK/2019.1/gnu/aarch64/lin/aarch64-linux/bin:/home/Xilinx/SDK/2019.1/gnu/aarch64/lin/aarch64-none/bin:/home/Xilinx/SDK/2019.1/gnu/armr5/lin/gcc-arm-none-eabi/bin:/home/Xilinx/SDK/2019.1/tps/lnx64/cmake-3.3.2/bin:/home/Xilinx/Vivado/2019.1/bin:/home/Xilinx/DocNav:/usr/lib/qt-3.3/bin:/usr/local/bin:/usr/local/sbin:/usr/bin:/usr/sbin:/bin:/sbin:/home/synopsys/fpga/N-2018.03-SP1/bin:/home/synopsys/pts/O-2018.06-SP1/bin:/home/synopsys/icc2/O-2018.06-SP1/bin:/home/synopsys/syn/O-2018.06-SP1/bin:/home/synopsys/lc/O-2018.06-SP1/bin:/home/synopsys/SpyGlass-L2016.06/SPYGLASS_HOME//bin:/home/synopsys/vcs-mx/O-2018.09-1/gui/dve/bin:/home/synopsys/vcs-mx/O-2018.09-1/bin:/home/synopsys/verdi/Verdi_O-2018.09-SP2/bin:/home/synopsys/scl/2018.06/linux64/bin::/home/cadence/IC617/tools/dfII/bin:/home/cadence/IC617/tools/plot/bin:/home/cadence/INCISIVE152/tools/bin:/home/cadence/MMSIM151/bin:/home/cadence/MMSIM151/tools/relxpert/bin:/home/cadence/INCISIVE152/bin:/home/cadence/INCISIVE152/tools.lnx86/bin:/home/cadence/INCISIVE152/tools.lnx86/dfII/bin:/home/mentor/questasim/linux_x86_64:/home/Riscv_Tools/bin:/home/Riscv_Tools/riscv-gnu-toolchain/qemu-6.0.0/build/riscv32-linux-user
MAIL=/var/spool/mail/ICer
PT_HOME=/home/synopsys/pts/O-2018.06-SP1
QT_IM_MODULE=ibus
Verdi_HOME=/home/synopsys/verdi/Verdi_O-2018.09-SP2
CALIBRE_HOME=/home/mentor//Calibre2015/aoi_cal_2015.2_36.27
VERDI_HOME=/home/synopsys/verdi/Verdi_O-2018.09-SP2
XDG_SESSION_TYPE=x11
MGC_CALIBRE_LAYOUT_SERVER=IC_EDA:9189
PWD=/home/ICer/Documents/basic_uvm/labs/lab_02/sv
XMODIFIERS=@im=none
VCS_HOME=/home/synopsys/vcs-mx/O-2018.09-1
SYS_PROG_NAME=verdi
MGC_CALIBRE_SCHEMATIC_SERVER=IC_EDA:9199
LANG=C
GDM_LANG=en_US.UTF-8
KDEDIRS=/usr
VCS_ARCH_OVERRIDE=linux
LC_MEASUREMENT=en_US.UTF-8
CDSHOME=/home/cadence/IC617
SYS_INST_DIR=/home/synopsys/verdi/Verdi_O-2018.09-SP2
GDMSESSION=gnome-classic
LM_LICENSE_FILE=27000@IC_EDA
XILINX_VIVADO=/home/Xilinx/Vivado/2019.1
QEMU_HOME=/home/Riscv_Tools/riscv-gnu-toolchain/qemu-6.0.0
HISTCONTROL=ignoredups
SPECMAN_HOME=/home/cadence/INCISIVE152/components/sn
DBUS_STARTER_BUS_TYPE=session
HOME=/home/ICer
XDG_SEAT=seat0
RISCV=/home/Riscv_Tools
SHLVL=3
VCS_EXEC_DONE=1
MGC_HOME=/home/mentor/
ICC2_HOME=/home/synopsys/icc2/O-2018.06-SP1
VERDI_ORIGNAL_LD_LIBRARY_PATH=:/home/synopsys/verdi/Verdi_O-2018.09-SP2/share/PLI/lib/LINUX64:/home/synopsys/verdi/Verdi_O-2018.09-SP2/share/PLI/IUS/LINUX64/boot:/home/synopsys/verdi/Verdi_O-2018.09-SP2/share/PLI/IUS/LINUX64:/home/cadence/INCISIVE152/tools.lnx86/lib
MGC_LICENSE_FILE=/home/mentor//license/license.dat
GNOME_DESKTOP_SESSION_ID=this-is-deprecated
CADHOME=/home/cadence
XDG_SESSION_DESKTOP=gnome-classic
LOGNAME=ICer
DC_HOME=/home/synopsys/syn/O-2018.06-SP1
MGLS_LICENSE_FILE=/home/mentor/questasim/mentor.dat
QTLIB=/usr/lib/qt-3.3/lib
SPYGLASS_HOME=/home/synopsys/SpyGlass-L2016.06/SPYGLASS_HOME/
MAKE_TERMERR=/dev/pts/2
XDG_DATA_DIRS=/home/ICer/.local/share/flatpak/exports/share/:/var/lib/flatpak/exports/share/:/usr/local/share/:/usr/share/
DBUS_SESSION_BUS_ADDRESS=unix:abstract=/tmp/dbus-t8QYeXazkJ,guid=6340ed4fe5620eb98b9872ba6670447a
NOVASHLPPATH=/home/synopsys/verdi/Verdi_O-2018.09-SP2/doc
SPS_RGB_PATH=/home/synopsys/verdi/Verdi_O-2018.09-SP2/etc/rgb
CDS_LIC_FILE=/home/cadence/license/cadence.dat
SPECMAN_DIR=/home/cadence/INCISIVE152/components/sn/
LESSOPEN=||/usr/bin/lesspipe.sh %s
SCL_HOME=/home/synopsys/scl/2018.06
WINDOWPATH=1
LD_NOVERSION=1
XDG_RUNTIME_DIR=/run/user/1000
SYNPLIFY_HOME=/home/synopsys/fpga/N-2018.03-SP1
DISPLAY=:0
QT_PLUGIN_PATH=/home/synopsys/verdi/Verdi_O-2018.09-SP2/platform/LINUXAMD64/lib/Qt/plugins
LC_HOME=/home/synopsys/lc/O-2018.06-SP1
XDG_CURRENT_DESKTOP=GNOME-Classic:GNOME
INCISIVE_HOME=/home/cadence/INCISIVE152
LC_TIME=en_US.UTF-8
XAUTHORITY=/run/gdm/auth-for-ICer-iYFvjp/database
COLORTERM=truecolor
PS_HWPC=OFF
NOVAS_LC_ALL=C
NOVAS_SIGNAL_BASE_EXTRACTION=1
SIGNAL_BASE_EXTRACTION=1
NOVAS_VERDI_SVTB_BETA=1
VERDI_SVTB_BETA=1
NOVAS_VERDI_SVTB_ALPHA=1
VERDI_SVTB_ALPHA=1
NOVAS_VERDI_TB_HT=1
VERDI_TB_HT=1
NOVAS_WAVE_REDRAW_ALLVC=1
WAVE_REDRAW_ALLVC=1
NOVAS_TCL_LIBRARY=/home/synopsys/verdi/Verdi_O-2018.09-SP2/etc/access/tcl86_library
TCL_LIBRARY=/home/synopsys/verdi/Verdi_O-2018.09-SP2/etc/access/tcl86_library
XKEYSYMDB=/home/synopsys/verdi/Verdi_O-2018.09-SP2/etc/access/XKeysymDB2.1
XLOCALEDIR=/home/synopsys/verdi/Verdi_O-2018.09-SP2/etc/access/locale
NOVAS_SIGNAL_BASED_BA=0
SIGNAL_BASED_BA=0
SNPS_SIM_DEFAULT_GUI=verdi
FSDB_FILE=/home/ICer/Documents/basic_uvm/labs/lab_02/sv/inter.fsdb
VCS_UCLI_STDIN_BLOCKING=1
FSDB_VHDL_PROTECTED=1
FSDB_RD_IR_ENABLE=1
FSDB_SVA_STATUS=1
DVE_SIM_SELECT_LOOP=on
Runtime command line arguments:
argv[0]=/home/ICer/Documents/basic_uvm/labs/lab_02/sv/simv
argv[1]=+UVM_TESTNAME=my_test
argv[2]=+UVM_VERDI_TRACE=UVM_AWARE+RAL+HIER+COMPWAVE
argv[3]=+UVM_TR_RECORD
argv[4]=-sml=verdi
argv[5]=+fsdb+gate=off
argv[6]=-ucli2Proc
argv[7]=-ucli
argv[8]=-l
argv[9]=/home/ICer/Documents/basic_uvm/labs/lab_02/sv/verdiLog/sim.log
340 profile - 100
          CPU/Mem usage: 0.140 sys,  0.200 user,  266.13M mem
341 Fri Jun 21 00:08:25 2024
342 pliAppInit
343 ndpGetenv(FSDB_FILE): /home/ICer/Documents/basic_uvm/labs/lab_02/sv/inter.fsdb
344 ndpGetenv(FSDB_SVA_STATUS): 1
345 ndpGetenv(FSDB_VHDL_PROTECTED): 1
346 FSDB_GATE & FSDB_RTL is disabled.
347 Enable Parallel Dumping.
348 pliAppMiscSet: New Sim Round
349 pliEntryInit
350 LIBSSCORE=found /home/synopsys/verdi/Verdi_O-2018.09-SP2/share/PLI/lib/LINUXAMD64/libsscore_vcs201809.so through $NOVAS_HOME setting.
351 FSDB Dumper for VCS, Release Verdi_O-2018.09-SP2, Linux x86_64/64bit, 02/21/2019
352 (C) 1996 - 2019 by Synopsys, Inc.
353 sps_tcl_fsdbDumpfile_main at 0
354 argv[0]: /home/ICer/Documents/basic_uvm/labs/lab_02/sv/inter.fsdb
355 *Verdi* : Create FSDB file '/home/ICer/Documents/basic_uvm/labs/lab_02/sv/inter.fsdb'
356 compile option from '/home/ICer/Documents/basic_uvm/labs/lab_02/sv/simv.daidir/vcs_rebuild'.
357   "vcs '-full64' '-kdb' '-lca' '-debug_access+all' '-ntb_opts' 'uvm' '-sverilog' '-timescale=1ns/1ns' 'test.sv' '+define+UVM_NO_DPI' '/home/ICer/Documents/basic_uvm/uvm-1.1d/src/uvm_pkg.sv' 2>&1"
358 sps_tcl_fsdbDumpflush_vd_main
359 *Verdi* : Flush all FSDB Files at 0 ns.
360 sps_tcl_fsdbDumpflush_vd_main
361 *Verdi* : Flush all FSDB Files at 0 ns.
362 sps_call_fsdbDumpfile_main at 0 : test.sv(13)
363 argv[0]: (../tb/tb_top.fsdb)
364 sps_tcl_fsdbDumpflush_vd_main
365 *Verdi* : Flush all FSDB Files at 3,400 ns.
366 End of simulation at 3400
367 Fri Jun 21 00:08:34 2024
368 Begin FSDB profile info:
369 FSDB Writer : bc1(0) bcn(0) mtf/stf(0/3)
FSDB Writer elapsed time : flush(0.035894) io wait(0.000000) theadpool wait(0.000000) target functin(0.000000)
FSDB Writer cpu time : MT Compression : 0
370 End FSDB profile info
371 Parallel profile    -  Flush:6 Expand:0 ProduceWait:0 ConsumerWait:0 BlockUsed:0
372                        ProduceTime:0.738446009 ConsumerTime:0.000000000 Buffer:64MB
373 SimExit
374 Sim process exit
