Command: /nas/home/yantl/uvm_lab_test/lab_my_01/tb/./simv +UVM_VERBOSITY=UVM_HIGH +UVM_TESTNAME=my_test +fsdb=1 +SEQ_NUM=1 -l vcs_run.log +LOADMEM=1 +ntb_random_seed_automatic
Chronologic VCS simulator copyright 1991-2018
Contains Synopsys proprietary information.
Compiler version O-2018.09-SP2_Full64; Runtime version O-2018.09-SP2_Full64;  Sep  5 10:35 2023
NOTE: automatic random seed used: 2639428495
----------------------------------------------------------------
UVM-1.1d.Synopsys
(C) 2007-2013 Mentor Graphics Corporation
(C) 2007-2013 Cadence Design Systems, Inc.
(C) 2006-2013 Synopsys, Inc.
(C) 2011-2013 Cypress Semiconductor Corp.
----------------------------------------------------------------

  ***********       IMPORTANT RELEASE NOTES         ************

  You are using a version of the UVM library that has been compiled
  with `UVM_NO_DEPRECATED undefined.
  See http://www.eda.org/svdb/view.php?id=3313 for more details.

  You are using a version of the UVM library that has been compiled
  with `UVM_OBJECT_MUST_HAVE_CONSTRUCTOR undefined.
  See http://www.eda.org/svdb/view.php?id=3770 for more details.

      (Specify +UVM_NO_RELNOTES to turn off this notice)

UVM_INFO @ 0: reporter [RNTST] Running test my_test...
UVM_INFO @ 0: reporter [UVMTOP] UVM testbench topology:
uvm_test_top: (my_test@455) {
  m_env: (my_env@463) {
    m_agent: (master_agent@475) {
      m_driv: (my_driver@610) {
        rsp_port: (uvm_analysis_port@627) @627 
        seq_item_port: (uvm_seq_item_pull_port@618) @618 
      }
      m_moni: (my_monitor@636) @636 
      m_seqr: (uvm_sequencer@487) {
        rsp_export: (uvm_analysis_export@495) @495 
        seq_item_export: (uvm_seq_item_pull_imp@601) @601 
        arbitration_queue: - 
        lock_queue: - 
        num_last_reqs: 'd1 
        num_last_rsps: 'd1 
      }
    }
  }
}

UVM_INFO ../sv/my_transaction.sv(106) @ 0: uvm_test_top.m_env.m_agent.m_moni [MON_RUN_PHASE] Monitor run!
UVM_INFO ../sv/my_transaction.sv(83) @ 0: uvm_test_top.m_env.m_agent.m_driv [DRV_RUN_PHASE] --------------------------------------------------------------------------------------------------
Name                           Type            Size  Value                                        
--------------------------------------------------------------------------------------------------
req                            my_transaction  -     @656                                         
  sa                           integral        4     'h5                                          
  sa                           integral        4     'h5                                          
  payload                      da(integral)    4     -                                            
    [0]                        integral        8     'he7                                         
    [1]                        integral        8     'hfc                                         
    [2]                        integral        8     'hca                                         
    [3]                        integral        8     'hc                                          
  begin_time                   time            64    0                                            
  depth                        int             32    'd2                                          
  parent sequence (name)       string          11    my_sequence                                  
  parent sequence (full name)  string          45    uvm_test_top.m_env.m_agent.m_seqr.my_sequence
  sequencer                    string          33    uvm_test_top.m_env.m_agent.m_seqr            
--------------------------------------------------------------------------------------------------

UVM_INFO ../sv/my_transaction.sv(106) @ 100: uvm_test_top.m_env.m_agent.m_moni [MON_RUN_PHASE] Monitor run!
UVM_INFO ../sv/my_transaction.sv(83) @ 100: uvm_test_top.m_env.m_agent.m_driv [DRV_RUN_PHASE] --------------------------------------------------------------------------------------------------
Name                           Type            Size  Value                                        
--------------------------------------------------------------------------------------------------
req                            my_transaction  -     @685                                         
  sa                           integral        4     'h9                                          
  sa                           integral        4     'h9                                          
  payload                      da(integral)    2     -                                            
    [0]                        integral        8     'h4                                          
    [1]                        integral        8     'h51                                         
  begin_time                   time            64    100                                          
  depth                        int             32    'd2                                          
  parent sequence (name)       string          11    my_sequence                                  
  parent sequence (full name)  string          45    uvm_test_top.m_env.m_agent.m_seqr.my_sequence
  sequencer                    string          33    uvm_test_top.m_env.m_agent.m_seqr            
--------------------------------------------------------------------------------------------------

UVM_INFO ../sv/my_transaction.sv(106) @ 200: uvm_test_top.m_env.m_agent.m_moni [MON_RUN_PHASE] Monitor run!
UVM_INFO ../sv/my_transaction.sv(83) @ 200: uvm_test_top.m_env.m_agent.m_driv [DRV_RUN_PHASE] --------------------------------------------------------------------------------------------------
Name                           Type            Size  Value                                        
--------------------------------------------------------------------------------------------------
req                            my_transaction  -     @689                                         
  sa                           integral        4     'h9                                          
  sa                           integral        4     'h9                                          
  payload                      da(integral)    4     -                                            
    [0]                        integral        8     'he9                                         
    [1]                        integral        8     'hd7                                         
    [2]                        integral        8     'h14                                         
    [3]                        integral        8     'h11                                         
  begin_time                   time            64    200                                          
  depth                        int             32    'd2                                          
  parent sequence (name)       string          11    my_sequence                                  
  parent sequence (full name)  string          45    uvm_test_top.m_env.m_agent.m_seqr.my_sequence
  sequencer                    string          33    uvm_test_top.m_env.m_agent.m_seqr            
--------------------------------------------------------------------------------------------------

UVM_INFO ../sv/my_transaction.sv(106) @ 300: uvm_test_top.m_env.m_agent.m_moni [MON_RUN_PHASE] Monitor run!
UVM_INFO ../sv/my_transaction.sv(83) @ 300: uvm_test_top.m_env.m_agent.m_driv [DRV_RUN_PHASE] --------------------------------------------------------------------------------------------------
Name                           Type            Size  Value                                        
--------------------------------------------------------------------------------------------------
req                            my_transaction  -     @693                                         
  sa                           integral        4     'h3                                          
  sa                           integral        4     'h3                                          
  payload                      da(integral)    3     -                                            
    [0]                        integral        8     'h9e                                         
    [1]                        integral        8     'h8d                                         
    [2]                        integral        8     'h55                                         
  begin_time                   time            64    300                                          
  depth                        int             32    'd2                                          
  parent sequence (name)       string          11    my_sequence                                  
  parent sequence (full name)  string          45    uvm_test_top.m_env.m_agent.m_seqr.my_sequence
  sequencer                    string          33    uvm_test_top.m_env.m_agent.m_seqr            
--------------------------------------------------------------------------------------------------

UVM_INFO ../sv/my_transaction.sv(106) @ 400: uvm_test_top.m_env.m_agent.m_moni [MON_RUN_PHASE] Monitor run!
UVM_INFO ../sv/my_transaction.sv(83) @ 400: uvm_test_top.m_env.m_agent.m_driv [DRV_RUN_PHASE] --------------------------------------------------------------------------------------------------
Name                           Type            Size  Value                                        
--------------------------------------------------------------------------------------------------
req                            my_transaction  -     @697                                         
  sa                           integral        4     'h4                                          
  sa                           integral        4     'h4                                          
  payload                      da(integral)    4     -                                            
    [0]                        integral        8     'h0                                          
    [1]                        integral        8     'hb0                                         
    [2]                        integral        8     'hbb                                         
    [3]                        integral        8     'h67                                         
  begin_time                   time            64    400                                          
  depth                        int             32    'd2                                          
  parent sequence (name)       string          11    my_sequence                                  
  parent sequence (full name)  string          45    uvm_test_top.m_env.m_agent.m_seqr.my_sequence
  sequencer                    string          33    uvm_test_top.m_env.m_agent.m_seqr            
--------------------------------------------------------------------------------------------------

UVM_INFO ../sv/my_transaction.sv(106) @ 500: uvm_test_top.m_env.m_agent.m_moni [MON_RUN_PHASE] Monitor run!
UVM_INFO ../sv/my_transaction.sv(83) @ 500: uvm_test_top.m_env.m_agent.m_driv [DRV_RUN_PHASE] --------------------------------------------------------------------------------------------------
Name                           Type            Size  Value                                        
--------------------------------------------------------------------------------------------------
req                            my_transaction  -     @701                                         
  sa                           integral        4     'hc                                          
  sa                           integral        4     'hc                                          
  payload                      da(integral)    3     -                                            
    [0]                        integral        8     'h90                                         
    [1]                        integral        8     'h24                                         
    [2]                        integral        8     'h80                                         
  begin_time                   time            64    500                                          
  depth                        int             32    'd2                                          
  parent sequence (name)       string          11    my_sequence                                  
  parent sequence (full name)  string          45    uvm_test_top.m_env.m_agent.m_seqr.my_sequence
  sequencer                    string          33    uvm_test_top.m_env.m_agent.m_seqr            
--------------------------------------------------------------------------------------------------

UVM_INFO ../sv/my_transaction.sv(106) @ 600: uvm_test_top.m_env.m_agent.m_moni [MON_RUN_PHASE] Monitor run!
UVM_INFO ../sv/my_transaction.sv(83) @ 600: uvm_test_top.m_env.m_agent.m_driv [DRV_RUN_PHASE] --------------------------------------------------------------------------------------------------
Name                           Type            Size  Value                                        
--------------------------------------------------------------------------------------------------
req                            my_transaction  -     @705                                         
  sa                           integral        4     'h7                                          
  sa                           integral        4     'h7                                          
  payload                      da(integral)    3     -                                            
    [0]                        integral        8     'hf2                                         
    [1]                        integral        8     'hda                                         
    [2]                        integral        8     'hc8                                         
  begin_time                   time            64    600                                          
  depth                        int             32    'd2                                          
  parent sequence (name)       string          11    my_sequence                                  
  parent sequence (full name)  string          45    uvm_test_top.m_env.m_agent.m_seqr.my_sequence
  sequencer                    string          33    uvm_test_top.m_env.m_agent.m_seqr            
--------------------------------------------------------------------------------------------------

UVM_INFO ../sv/my_transaction.sv(106) @ 700: uvm_test_top.m_env.m_agent.m_moni [MON_RUN_PHASE] Monitor run!
UVM_INFO ../sv/my_transaction.sv(83) @ 700: uvm_test_top.m_env.m_agent.m_driv [DRV_RUN_PHASE] --------------------------------------------------------------------------------------------------
Name                           Type            Size  Value                                        
--------------------------------------------------------------------------------------------------
req                            my_transaction  -     @709                                         
  sa                           integral        4     'hf                                          
  sa                           integral        4     'hf                                          
  payload                      da(integral)    2     -                                            
    [0]                        integral        8     'h5c                                         
    [1]                        integral        8     'h17                                         
  begin_time                   time            64    700                                          
  depth                        int             32    'd2                                          
  parent sequence (name)       string          11    my_sequence                                  
  parent sequence (full name)  string          45    uvm_test_top.m_env.m_agent.m_seqr.my_sequence
  sequencer                    string          33    uvm_test_top.m_env.m_agent.m_seqr            
--------------------------------------------------------------------------------------------------

UVM_INFO ../sv/my_transaction.sv(106) @ 800: uvm_test_top.m_env.m_agent.m_moni [MON_RUN_PHASE] Monitor run!
UVM_INFO ../sv/my_transaction.sv(83) @ 800: uvm_test_top.m_env.m_agent.m_driv [DRV_RUN_PHASE] --------------------------------------------------------------------------------------------------
Name                           Type            Size  Value                                        
--------------------------------------------------------------------------------------------------
req                            my_transaction  -     @713                                         
  sa                           integral        4     'h4                                          
  sa                           integral        4     'h4                                          
  payload                      da(integral)    3     -                                            
    [0]                        integral        8     'h6                                          
    [1]                        integral        8     'hef                                         
    [2]                        integral        8     'hac                                         
  begin_time                   time            64    800                                          
  depth                        int             32    'd2                                          
  parent sequence (name)       string          11    my_sequence                                  
  parent sequence (full name)  string          45    uvm_test_top.m_env.m_agent.m_seqr.my_sequence
  sequencer                    string          33    uvm_test_top.m_env.m_agent.m_seqr            
--------------------------------------------------------------------------------------------------

UVM_INFO ../sv/my_transaction.sv(106) @ 900: uvm_test_top.m_env.m_agent.m_moni [MON_RUN_PHASE] Monitor run!
UVM_INFO ../sv/my_transaction.sv(83) @ 900: uvm_test_top.m_env.m_agent.m_driv [DRV_RUN_PHASE] --------------------------------------------------------------------------------------------------
Name                           Type            Size  Value                                        
--------------------------------------------------------------------------------------------------
req                            my_transaction  -     @717                                         
  sa                           integral        4     'h7                                          
  sa                           integral        4     'h7                                          
  payload                      da(integral)    3     -                                            
    [0]                        integral        8     'hd                                          
    [1]                        integral        8     'h42                                         
    [2]                        integral        8     'hcf                                         
  begin_time                   time            64    900                                          
  depth                        int             32    'd2                                          
  parent sequence (name)       string          11    my_sequence                                  
  parent sequence (full name)  string          45    uvm_test_top.m_env.m_agent.m_seqr.my_sequence
  sequencer                    string          33    uvm_test_top.m_env.m_agent.m_seqr            
--------------------------------------------------------------------------------------------------

UVM_INFO ../sv/my_transaction.sv(106) @ 1000: uvm_test_top.m_env.m_agent.m_moni [MON_RUN_PHASE] Monitor run!
UVM_INFO ../sv/my_transaction.sv(106) @ 1100: uvm_test_top.m_env.m_agent.m_moni [MON_RUN_PHASE] Monitor run!
UVM_INFO /nas/usr/synopsys/vcs-mx/O-2018.09-SP2/etc/uvm-1.1/base/uvm_objection.svh(1273) @ 1100: reporter [TEST_DONE] 'run' phase is ready to proceed to the 'extract' phase

--- UVM Report Summary ---

** Report counts by severity
UVM_INFO :   25
UVM_WARNING :    0
UVM_ERROR :    0
UVM_FATAL :    0
** Report counts by id
[DRV_RUN_PHASE]    10
[MON_RUN_PHASE]    12
[RNTST]     1
[TEST_DONE]     1
[UVMTOP]     1
$finish called from file "/nas/usr/synopsys/vcs-mx/O-2018.09-SP2/etc/uvm-1.1/base/uvm_root.svh", line 439.
$finish at simulation time                 1100
           V C S   S i m u l a t i o n   R e p o r t 
Time: 1100 ns
CPU Time:      0.630 seconds;       Data structure size:   0.4Mb
Tue Sep  5 10:35:13 2023
